<?xml version="1.0" encoding="UTF-8"?>
<coverage generated="1784647966975" clover="3.2.0">
  <project timestamp="1784647966975" name="All files">
    <metrics statements="124" coveredstatements="112" conditionals="36" coveredconditionals="20" methods="35" coveredmethods="34" elements="195" coveredelements="166" complexity="0" loc="124" ncloc="124" packages="1" files="3" classes="3"/>
    <file name="embeddings.ts" path="/Users/rafalciesielski/Developer/ChiefofStaff/src/services/embeddings.ts">
      <metrics statements="51" coveredstatements="49" conditionals="7" coveredconditionals="3" methods="23" coveredmethods="23"/>
      <line num="1" count="2" type="stmt"/>
      <line num="10" count="2" type="stmt"/>
      <line num="11" count="4" type="stmt"/>
      <line num="15" count="3" type="stmt"/>
      <line num="19" count="113" type="stmt"/>
      <line num="20" count="113" type="stmt"/>
      <line num="24" count="113" type="stmt"/>
      <line num="31" count="87" type="stmt"/>
      <line num="32" count="87" type="cond" truecount="0" falsecount="1"/>
      <line num="34" count="87" type="stmt"/>
      <line num="35" count="4857" type="stmt"/>
      <line num="36" count="4770" type="stmt"/>
      <line num="40" count="4770" type="stmt"/>
      <line num="41" count="9289" type="stmt"/>
      <line num="44" count="87" type="stmt"/>
      <line num="48" count="1" type="stmt"/>
      <line num="49" count="3" type="stmt"/>
      <line num="51" count="1" type="stmt"/>
      <line num="55" count="1" type="cond" truecount="0" falsecount="1"/>
      <line num="56" count="1" type="stmt"/>
      <line num="57" count="3" type="stmt"/>
      <line num="58" count="1" type="stmt"/>
      <line num="59" count="1" type="stmt"/>
      <line num="60" count="3" type="stmt"/>
      <line num="61" count="3" type="stmt"/>
      <line num="67" count="1831680" type="stmt"/>
      <line num="68" count="1831680" type="stmt"/>
      <line num="69" count="1831680" type="stmt"/>
      <line num="70" count="4770" type="stmt"/>
      <line num="75" count="4770" type="stmt"/>
      <line num="80" count="364" type="cond" truecount="2" falsecount="0"/>
      <line num="81" count="113" type="stmt"/>
      <line num="83" count="113" type="cond" truecount="0" falsecount="1"/>
      <line num="84" count="0" type="stmt"/>
      <line num="88" count="113" type="stmt"/>
      <line num="90" count="256" type="stmt"/>
      <line num="91" count="256" type="stmt"/>
      <line num="92" count="1315" type="stmt"/>
      <line num="93" count="1315" type="stmt"/>
      <line num="97" count="256" type="stmt"/>
      <line num="101" count="256" type="stmt"/>
      <line num="102" count="256" type="stmt"/>
      <line num="103" count="12800" type="stmt"/>
      <line num="105" count="12800" type="stmt"/>
      <line num="106" count="12800" type="stmt"/>
      <line num="111" count="43392" type="stmt"/>
      <line num="112" count="113" type="cond" truecount="1" falsecount="0"/>
      <line num="113" count="43392" type="stmt"/>
      <line num="116" count="0" type="stmt"/>
      <line num="120" count="260" type="stmt"/>
      <line num="127" count="260" type="stmt"/>
    </file>
    <file name="evolution-engine.ts" path="/Users/rafalciesielski/Developer/ChiefofStaff/src/services/evolution-engine.ts">
      <metrics statements="36" coveredstatements="34" conditionals="8" coveredconditionals="7" methods="6" coveredmethods="6"/>
      <line num="23" count="1" type="stmt"/>
      <line num="24" count="5" type="stmt"/>
      <line num="26" count="5" type="stmt"/>
      <line num="27" count="5" type="stmt"/>
      <line num="28" count="5" type="stmt"/>
      <line num="31" count="5" type="stmt"/>
      <line num="35" count="84" type="stmt"/>
      <line num="37" count="84" type="cond" truecount="1" falsecount="0"/>
      <line num="38" count="1" type="stmt"/>
      <line num="39" count="1" type="stmt"/>
      <line num="42" count="83" type="stmt"/>
      <line num="44" count="83" type="cond" truecount="1" falsecount="0"/>
      <line num="45" count="80" type="stmt"/>
      <line num="46" count="80" type="stmt"/>
      <line num="52" count="3" type="cond" truecount="1" falsecount="0"/>
      <line num="53" count="1" type="cond" truecount="1" falsecount="1"/>
      <line num="54" count="1" type="stmt"/>
      <line num="55" count="1" type="stmt"/>
      <line num="61" count="1" type="stmt"/>
      <line num="62" count="1" type="stmt"/>
      <line num="64" count="0" type="stmt"/>
      <line num="65" count="0" type="stmt"/>
      <line num="72" count="2" type="cond" truecount="1" falsecount="0"/>
      <line num="73" count="1" type="stmt"/>
      <line num="74" count="1" type="stmt"/>
      <line num="78" count="1" type="stmt"/>
      <line num="79" count="1" type="stmt"/>
      <line num="82" count="1" type="stmt"/>
      <line num="83" count="1" type="stmt"/>
      <line num="89" count="84" type="stmt"/>
      <line num="90" count="84" type="stmt"/>
      <line num="92" count="84" type="stmt"/>
      <line num="94" count="403" type="stmt"/>
      <line num="95" count="403" type="cond" truecount="2" falsecount="0"/>
      <line num="97" count="403" type="stmt"/>
      <line num="98" count="62" type="stmt"/>
    </file>
    <file name="sensitivity-assessor.ts" path="/Users/rafalciesielski/Developer/ChiefofStaff/src/services/sensitivity-assessor.ts">
      <metrics statements="37" coveredstatements="29" conditionals="21" coveredconditionals="10" methods="6" coveredmethods="5"/>
      <line num="1" count="1" type="stmt"/>
      <line num="15" count="1" type="stmt"/>
      <line num="16" count="1" type="stmt"/>
      <line num="23" count="1" type="stmt"/>
      <line num="32" count="1" type="stmt"/>
      <line num="35" count="9" type="stmt"/>
      <line num="37" count="9" type="cond" truecount="1" falsecount="0"/>
      <line num="38" count="1" type="stmt"/>
      <line num="41" count="8" type="cond" truecount="0" falsecount="1"/>
      <line num="42" count="0" type="stmt"/>
      <line num="45" count="8" type="stmt"/>
      <line num="49" count="9" type="stmt"/>
      <line num="50" count="9" type="stmt"/>
      <line num="51" count="9" type="stmt"/>
      <line num="52" count="9" type="stmt"/>
      <line num="54" count="9" type="stmt"/>
      <line num="55" count="36" type="cond" truecount="1" falsecount="0"/>
      <line num="56" count="6" type="stmt"/>
      <line num="57" count="6" type="stmt"/>
      <line num="58" count="6" type="stmt"/>
      <line num="62" count="9" type="stmt"/>
      <line num="63" count="9" type="stmt"/>
      <line num="64" count="54" type="cond" truecount="1" falsecount="0"/>
      <line num="65" count="2" type="stmt"/>
      <line num="66" count="2" type="stmt"/>
      <line num="67" count="2" type="stmt"/>
      <line num="72" count="9" type="cond" truecount="4" falsecount="0"/>
      <line num="73" count="8" type="stmt"/>
      <line num="80" count="1" type="cond" truecount="3" falsecount="0"/>
      <line num="81" count="1" type="stmt"/>
      <line num="88" count="0" type="stmt"/>
      <line num="96" count="0" type="stmt"/>
      <line num="97" count="0" type="stmt"/>
      <line num="113" count="0" type="cond" truecount="0" falsecount="2"/>
      <line num="114" count="0" type="stmt"/>
      <line num="116" count="0" type="stmt"/>
      <line num="122" count="0" type="stmt"/>
    </file>
  </project>
</coverage>
