{"/Users/rafalciesielski/Developer/ChiefofStaff/src/services/embeddings.ts": {"path":"/Users/rafalciesielski/Developer/ChiefofStaff/src/services/embeddings.ts","statementMap":{"0":{"start":{"line":1,"column":0},"end":{"line":1,"column":25}},"1":{"start":{"line":11,"column":10},"end":{"line":11,"column":37}},"2":{"start":{"line":15,"column":4},"end":{"line":15,"column":34}},"3":{"start":{"line":19,"column":23},"end":{"line":19,"column":60}},"4":{"start":{"line":20,"column":4},"end":{"line":23,"column":6}},"5":{"start":{"line":24,"column":4},"end":{"line":27,"column":6}},"6":{"start":{"line":31,"column":25},"end":{"line":31,"column":51}},"7":{"start":{"line":32,"column":4},"end":{"line":32,"column":33}},"8":{"start":{"line":32,"column":23},"end":{"line":32,"column":33}},"9":{"start":{"line":34,"column":19},"end":{"line":42,"column":21}},"10":{"start":{"line":35,"column":24},"end":{"line":35,"column":37}},"11":{"start":{"line":36,"column":34},"end":{"line":39,"column":8}},"12":{"start":{"line":40,"column":23},"end":{"line":40,"column":52}},"13":{"start":{"line":41,"column":22},"end":{"line":41,"column":61}},"14":{"start":{"line":44,"column":4},"end":{"line":44,"column":18}},"15":{"start":{"line":48,"column":18},"end":{"line":49,"column":null}},"16":{"start":{"line":49,"column":6},"end":{"line":49,"column":46}},"17":{"start":{"line":51,"column":4},"end":{"line":51,"column":49}},"18":{"start":{"line":55,"column":4},"end":{"line":55,"column":41}},"19":{"start":{"line":55,"column":34},"end":{"line":55,"column":41}},"20":{"start":{"line":56,"column":20},"end":{"line":56,"column":54}},"21":{"start":{"line":57,"column":18},"end":{"line":57,"column":59}},"22":{"start":{"line":57,"column":50},"end":{"line":57,"column":58}},"23":{"start":{"line":58,"column":4},"end":{"line":58,"column":20}},"24":{"start":{"line":59,"column":4},"end":{"line":62,"column":7}},"25":{"start":{"line":60,"column":43},"end":{"line":60,"column":59}},"26":{"start":{"line":61,"column":6},"end":{"line":61,"column":48}},"27":{"start":{"line":67,"column":23},"end":{"line":67,"column":71}},"28":{"start":{"line":67,"column":50},"end":{"line":67,"column":67}},"29":{"start":{"line":68,"column":18},"end":{"line":68,"column":68}},"30":{"start":{"line":68,"column":52},"end":{"line":68,"column":63}},"31":{"start":{"line":69,"column":18},"end":{"line":69,"column":68}},"32":{"start":{"line":69,"column":52},"end":{"line":69,"column":63}},"33":{"start":{"line":70,"column":22},"end":{"line":70,"column":50}},"34":{"start":{"line":75,"column":4},"end":{"line":75,"column":21}},"35":{"start":{"line":80,"column":18},"end":{"line":80,"column":101}},"36":{"start":{"line":80,"column":65},"end":{"line":80,"column":100}},"37":{"start":{"line":81,"column":19},"end":{"line":81,"column":37}},"38":{"start":{"line":83,"column":4},"end":{"line":85,"column":5}},"39":{"start":{"line":84,"column":6},"end":{"line":84,"column":49}},"40":{"start":{"line":88,"column":4},"end":{"line":108,"column":7}},"41":{"start":{"line":90,"column":21},"end":{"line":90,"column":22}},"42":{"start":{"line":91,"column":6},"end":{"line":94,"column":7}},"43":{"start":{"line":91,"column":19},"end":{"line":91,"column":20}},"44":{"start":{"line":92,"column":8},"end":{"line":92,"column":69}},"45":{"start":{"line":93,"column":8},"end":{"line":93,"column":39}},"46":{"start":{"line":97,"column":6},"end":{"line":97,"column":36}},"47":{"start":{"line":101,"column":29},"end":{"line":101,"column":31}},"48":{"start":{"line":102,"column":6},"end":{"line":107,"column":7}},"49":{"start":{"line":102,"column":19},"end":{"line":102,"column":20}},"50":{"start":{"line":103,"column":26},"end":{"line":103,"column":56}},"51":{"start":{"line":105,"column":22},"end":{"line":105,"column":53}},"52":{"start":{"line":106,"column":8},"end":{"line":106,"column":35}},"53":{"start":{"line":111,"column":22},"end":{"line":111,"column":74}},"54":{"start":{"line":111,"column":58},"end":{"line":111,"column":69}},"55":{"start":{"line":112,"column":4},"end":{"line":114,"column":5}},"56":{"start":{"line":113,"column":6},"end":{"line":113,"column":44}},"57":{"start":{"line":113,"column":29},"end":{"line":113,"column":42}},"58":{"start":{"line":116,"column":4},"end":{"line":116,"column":47}},"59":{"start":{"line":120,"column":22},"end":{"line":126,"column":6}},"60":{"start":{"line":127,"column":4},"end":{"line":127,"column":31}},"61":{"start":{"line":10,"column":0},"end":{"line":10,"column":13}}},"fnMap":{"0":{"name":"(anonymous_9)","decl":{"start":{"line":10,"column":0},"end":{"line":10,"column":13}},"loc":{"start":{"line":10,"column":0},"end":{"line":129,"column":1}}},"1":{"name":"(anonymous_10)","decl":{"start":{"line":14,"column":2},"end":{"line":14,"column":7}},"loc":{"start":{"line":14,"column":17},"end":{"line":16,"column":3}}},"2":{"name":"(anonymous_11)","decl":{"start":{"line":18,"column":2},"end":{"line":18,"column":11}},"loc":{"start":{"line":18,"column":49},"end":{"line":28,"column":3}}},"3":{"name":"(anonymous_12)","decl":{"start":{"line":30,"column":2},"end":{"line":30,"column":18}},"loc":{"start":{"line":30,"column":51},"end":{"line":45,"column":3}}},"4":{"name":"(anonymous_13)","decl":{"start":{"line":35,"column":14},"end":{"line":35,"column":15}},"loc":{"start":{"line":35,"column":24},"end":{"line":35,"column":37}}},"5":{"name":"(anonymous_14)","decl":{"start":{"line":36,"column":11},"end":{"line":36,"column":12}},"loc":{"start":{"line":36,"column":34},"end":{"line":39,"column":8}}},"6":{"name":"(anonymous_15)","decl":{"start":{"line":40,"column":14},"end":{"line":40,"column":19}},"loc":{"start":{"line":40,"column":23},"end":{"line":40,"column":52}}},"7":{"name":"(anonymous_16)","decl":{"start":{"line":41,"column":12},"end":{"line":41,"column":13}},"loc":{"start":{"line":41,"column":22},"end":{"line":41,"column":61}}},"8":{"name":"(anonymous_17)","decl":{"start":{"line":47,"column":2},"end":{"line":47,"column":19}},"loc":{"start":{"line":47,"column":36},"end":{"line":52,"column":3}}},"9":{"name":"(anonymous_18)","decl":{"start":{"line":48,"column":49},"end":{"line":48,"column":50}},"loc":{"start":{"line":49,"column":6},"end":{"line":49,"column":46}}},"10":{"name":"(anonymous_19)","decl":{"start":{"line":54,"column":2},"end":{"line":54,"column":21}},"loc":{"start":{"line":54,"column":38},"end":{"line":63,"column":3}}},"11":{"name":"(anonymous_20)","decl":{"start":{"line":57,"column":45},"end":{"line":57,"column":46}},"loc":{"start":{"line":57,"column":50},"end":{"line":57,"column":58}}},"12":{"name":"(anonymous_21)","decl":{"start":{"line":59,"column":18},"end":{"line":59,"column":22}},"loc":{"start":{"line":59,"column":25},"end":{"line":62,"column":5}}},"13":{"name":"(anonymous_22)","decl":{"start":{"line":65,"column":10},"end":{"line":65,"column":26}},"loc":{"start":{"line":65,"column":57},"end":{"line":76,"column":3}}},"14":{"name":"(anonymous_23)","decl":{"start":{"line":67,"column":35},"end":{"line":67,"column":36}},"loc":{"start":{"line":67,"column":50},"end":{"line":67,"column":67}}},"15":{"name":"(anonymous_24)","decl":{"start":{"line":68,"column":40},"end":{"line":68,"column":41}},"loc":{"start":{"line":68,"column":52},"end":{"line":68,"column":63}}},"16":{"name":"(anonymous_25)","decl":{"start":{"line":69,"column":40},"end":{"line":69,"column":41}},"loc":{"start":{"line":69,"column":52},"end":{"line":69,"column":63}}},"17":{"name":"(anonymous_26)","decl":{"start":{"line":78,"column":10},"end":{"line":78,"column":28}},"loc":{"start":{"line":78,"column":44},"end":{"line":117,"column":3}}},"18":{"name":"(anonymous_27)","decl":{"start":{"line":80,"column":60},"end":{"line":80,"column":61}},"loc":{"start":{"line":80,"column":65},"end":{"line":80,"column":100}}},"19":{"name":"(anonymous_28)","decl":{"start":{"line":88,"column":18},"end":{"line":88,"column":22}},"loc":{"start":{"line":88,"column":25},"end":{"line":108,"column":5}}},"20":{"name":"(anonymous_29)","decl":{"start":{"line":111,"column":46},"end":{"line":111,"column":47}},"loc":{"start":{"line":111,"column":58},"end":{"line":111,"column":69}}},"21":{"name":"(anonymous_30)","decl":{"start":{"line":113,"column":24},"end":{"line":113,"column":25}},"loc":{"start":{"line":113,"column":29},"end":{"line":113,"column":42}}},"22":{"name":"(anonymous_31)","decl":{"start":{"line":119,"column":10},"end":{"line":119,"column":20}},"loc":{"start":{"line":119,"column":33},"end":{"line":128,"column":3}}}},"branchMap":{"0":{"loc":{"start":{"line":30,"column":35},"end":{"line":30,"column":51}},"type":"default-arg","locations":[{"start":{"line":30,"column":50},"end":{"line":30,"column":51}}]},"1":{"loc":{"start":{"line":32,"column":4},"end":{"line":32,"column":33}},"type":"if","locations":[{"start":{"line":32,"column":4},"end":{"line":32,"column":33}}]},"2":{"loc":{"start":{"line":55,"column":4},"end":{"line":55,"column":41}},"type":"if","locations":[{"start":{"line":55,"column":4},"end":{"line":55,"column":41}}]},"3":{"loc":{"start":{"line":80,"column":65},"end":{"line":80,"column":100}},"type":"binary-expr","locations":[{"start":{"line":80,"column":65},"end":{"line":80,"column":77}},{"start":{"line":80,"column":81},"end":{"line":80,"column":100}}]},"4":{"loc":{"start":{"line":83,"column":4},"end":{"line":85,"column":5}},"type":"if","locations":[{"start":{"line":83,"column":4},"end":{"line":85,"column":5}}]},"5":{"loc":{"start":{"line":112,"column":4},"end":{"line":114,"column":5}},"type":"if","locations":[{"start":{"line":112,"column":4},"end":{"line":114,"column":5}}]}},"s":{"0":2,"1":4,"2":3,"3":113,"4":113,"5":113,"6":87,"7":87,"8":0,"9":87,"10":4857,"11":4770,"12":4770,"13":9289,"14":87,"15":1,"16":3,"17":1,"18":1,"19":0,"20":1,"21":1,"22":3,"23":1,"24":1,"25":3,"26":3,"27":4770,"28":1831680,"29":4770,"30":1831680,"31":4770,"32":1831680,"33":4770,"34":4770,"35":113,"36":364,"37":113,"38":113,"39":0,"40":113,"41":256,"42":256,"43":256,"44":1315,"45":1315,"46":256,"47":256,"48":256,"49":256,"50":12800,"51":12800,"52":12800,"53":113,"54":43392,"55":113,"56":113,"57":43392,"58":0,"59":260,"60":260,"61":2},"f":{"0":4,"1":3,"2":113,"3":87,"4":4857,"5":4770,"6":4770,"7":9289,"8":1,"9":3,"10":1,"11":3,"12":3,"13":4770,"14":1831680,"15":1831680,"16":1831680,"17":113,"18":364,"19":256,"20":43392,"21":43392,"22":260},"b":{"0":[0],"1":[0],"2":[0],"3":[364,260],"4":[0],"5":[113]}}
,"/Users/rafalciesielski/Developer/ChiefofStaff/src/services/evolution-engine.ts": {"path":"/Users/rafalciesielski/Developer/ChiefofStaff/src/services/evolution-engine.ts","statementMap":{"0":{"start":{"line":24,"column":10},"end":{"line":24,"column":47}},"1":{"start":{"line":26,"column":2},"end":{"line":26,"column":17}},"2":{"start":{"line":27,"column":2},"end":{"line":27,"column":19}},"3":{"start":{"line":28,"column":2},"end":{"line":28,"column":18}},"4":{"start":{"line":31,"column":4},"end":{"line":31,"column":47}},"5":{"start":{"line":35,"column":20},"end":{"line":35,"column":50}},"6":{"start":{"line":37,"column":4},"end":{"line":40,"column":5}},"7":{"start":{"line":38,"column":6},"end":{"line":38,"column":42}},"8":{"start":{"line":39,"column":6},"end":{"line":39,"column":46}},"9":{"start":{"line":42,"column":21},"end":{"line":42,"column":31}},"10":{"start":{"line":44,"column":4},"end":{"line":50,"column":5}},"11":{"start":{"line":45,"column":6},"end":{"line":45,"column":24}},"12":{"start":{"line":46,"column":6},"end":{"line":49,"column":8}},"13":{"start":{"line":52,"column":4},"end":{"line":70,"column":5}},"14":{"start":{"line":53,"column":6},"end":{"line":69,"column":7}},"15":{"start":{"line":54,"column":8},"end":{"line":54,"column":28}},"16":{"start":{"line":55,"column":36},"end":{"line":60,"column":10}},"17":{"start":{"line":61,"column":8},"end":{"line":61,"column":56}},"18":{"start":{"line":62,"column":8},"end":{"line":62,"column":58}},"19":{"start":{"line":64,"column":8},"end":{"line":64,"column":26}},"20":{"start":{"line":65,"column":8},"end":{"line":68,"column":10}},"21":{"start":{"line":72,"column":4},"end":{"line":80,"column":5}},"22":{"start":{"line":73,"column":6},"end":{"line":73,"column":25}},"23":{"start":{"line":74,"column":32},"end":{"line":77,"column":8}},"24":{"start":{"line":78,"column":6},"end":{"line":78,"column":46}},"25":{"start":{"line":79,"column":6},"end":{"line":79,"column":53}},"26":{"start":{"line":82,"column":4},"end":{"line":82,"column":40}},"27":{"start":{"line":83,"column":4},"end":{"line":83,"column":44}},"28":{"start":{"line":89,"column":4},"end":{"line":89,"column":77}},"29":{"start":{"line":90,"column":30},"end":{"line":90,"column":81}},"30":{"start":{"line":92,"column":4},"end":{"line":98,"column":51}},"31":{"start":{"line":94,"column":28},"end":{"line":94,"column":59}},"32":{"start":{"line":95,"column":8},"end":{"line":95,"column":88}},"33":{"start":{"line":97,"column":62},"end":{"line":97,"column":72}},"34":{"start":{"line":98,"column":22},"end":{"line":98,"column":49}},"35":{"start":{"line":23,"column":0},"end":{"line":23,"column":13}}},"fnMap":{"0":{"name":"(anonymous_0)","decl":{"start":{"line":30,"column":2},"end":{"line":30,"column":14}},"loc":{"start":{"line":30,"column":50},"end":{"line":32,"column":3}}},"1":{"name":"(anonymous_1)","decl":{"start":{"line":34,"column":2},"end":{"line":34,"column":16}},"loc":{"start":{"line":34,"column":30},"end":{"line":84,"column":3}}},"2":{"name":"(anonymous_2)","decl":{"start":{"line":86,"column":10},"end":{"line":86,"column":26}},"loc":{"start":{"line":87,"column":14},"end":{"line":99,"column":3}}},"3":{"name":"(anonymous_3)","decl":{"start":{"line":93,"column":11},"end":{"line":93,"column":12}},"loc":{"start":{"line":93,"column":53},"end":{"line":96,"column":7}}},"4":{"name":"(anonymous_4)","decl":{"start":{"line":97,"column":14},"end":{"line":97,"column":15}},"loc":{"start":{"line":97,"column":62},"end":{"line":97,"column":72}}},"5":{"name":"(anonymous_5)","decl":{"start":{"line":98,"column":12},"end":{"line":98,"column":13}},"loc":{"start":{"line":98,"column":22},"end":{"line":98,"column":49}}}},"branchMap":{"0":{"loc":{"start":{"line":37,"column":4},"end":{"line":40,"column":5}},"type":"if","locations":[{"start":{"line":37,"column":4},"end":{"line":40,"column":5}}]},"1":{"loc":{"start":{"line":44,"column":4},"end":{"line":50,"column":5}},"type":"if","locations":[{"start":{"line":44,"column":4},"end":{"line":50,"column":5}}]},"2":{"loc":{"start":{"line":52,"column":4},"end":{"line":70,"column":5}},"type":"if","locations":[{"start":{"line":52,"column":4},"end":{"line":70,"column":5}}]},"3":{"loc":{"start":{"line":53,"column":6},"end":{"line":69,"column":7}},"type":"if","locations":[{"start":{"line":53,"column":6},"end":{"line":69,"column":7}},{"start":{"line":63,"column":13},"end":{"line":69,"column":7}}]},"4":{"loc":{"start":{"line":72,"column":4},"end":{"line":80,"column":5}},"type":"if","locations":[{"start":{"line":72,"column":4},"end":{"line":80,"column":5}}]},"5":{"loc":{"start":{"line":95,"column":15},"end":{"line":95,"column":87}},"type":"cond-expr","locations":[{"start":{"line":95,"column":29},"end":{"line":95,"column":80}},{"start":{"line":95,"column":83},"end":{"line":95,"column":87}}]}},"s":{"0":5,"1":5,"2":5,"3":5,"4":5,"5":84,"6":84,"7":1,"8":1,"9":83,"10":83,"11":80,"12":80,"13":3,"14":1,"15":1,"16":1,"17":1,"18":1,"19":0,"20":0,"21":2,"22":1,"23":1,"24":1,"25":1,"26":1,"27":1,"28":84,"29":84,"30":84,"31":403,"32":403,"33":403,"34":62,"35":1},"f":{"0":5,"1":84,"2":84,"3":403,"4":403,"5":62},"b":{"0":[1],"1":[80],"2":[1],"3":[1,0],"4":[1],"5":[145,258]}}
,"/Users/rafalciesielski/Developer/ChiefofStaff/src/services/sensitivity-assessor.ts": {"path":"/Users/rafalciesielski/Developer/ChiefofStaff/src/services/sensitivity-assessor.ts","statementMap":{"0":{"start":{"line":1,"column":0},"end":{"line":1,"column":42}},"1":{"start":{"line":16,"column":10},"end":{"line":21,"column":4}},"2":{"start":{"line":23,"column":10},"end":{"line":30,"column":4}},"3":{"start":{"line":32,"column":10},"end":{"line":32,"column":38}},"4":{"start":{"line":35,"column":28},"end":{"line":35,"column":61}},"5":{"start":{"line":37,"column":4},"end":{"line":39,"column":5}},"6":{"start":{"line":38,"column":6},"end":{"line":38,"column":29}},"7":{"start":{"line":41,"column":4},"end":{"line":43,"column":5}},"8":{"start":{"line":42,"column":6},"end":{"line":42,"column":45}},"9":{"start":{"line":45,"column":4},"end":{"line":45,"column":27}},"10":{"start":{"line":49,"column":30},"end":{"line":49,"column":32}},"11":{"start":{"line":50,"column":23},"end":{"line":50,"column":24}},"12":{"start":{"line":51,"column":19},"end":{"line":51,"column":24}},"13":{"start":{"line":52,"column":23},"end":{"line":52,"column":28}},"14":{"start":{"line":54,"column":4},"end":{"line":60,"column":7}},"15":{"start":{"line":55,"column":6},"end":{"line":59,"column":7}},"16":{"start":{"line":56,"column":8},"end":{"line":56,"column":38}},"17":{"start":{"line":57,"column":8},"end":{"line":57,"column":28}},"18":{"start":{"line":58,"column":8},"end":{"line":58,"column":24}},"19":{"start":{"line":62,"column":25},"end":{"line":62,"column":46}},"20":{"start":{"line":63,"column":4},"end":{"line":69,"column":7}},"21":{"start":{"line":64,"column":6},"end":{"line":68,"column":7}},"22":{"start":{"line":65,"column":8},"end":{"line":65,"column":67}},"23":{"start":{"line":66,"column":8},"end":{"line":66,"column":28}},"24":{"start":{"line":67,"column":8},"end":{"line":67,"column":28}},"25":{"start":{"line":72,"column":4},"end":{"line":78,"column":5}},"26":{"start":{"line":73,"column":6},"end":{"line":77,"column":8}},"27":{"start":{"line":80,"column":4},"end":{"line":86,"column":5}},"28":{"start":{"line":81,"column":6},"end":{"line":85,"column":8}},"29":{"start":{"line":88,"column":4},"end":{"line":92,"column":6}},"30":{"start":{"line":96,"column":4},"end":{"line":127,"column":5}},"31":{"start":{"line":97,"column":22},"end":{"line":110,"column":8}},"32":{"start":{"line":113,"column":8},"end":{"line":113,"column":75}},"33":{"start":{"line":114,"column":21},"end":{"line":114,"column":45}},"34":{"start":{"line":116,"column":6},"end":{"line":120,"column":8}},"35":{"start":{"line":122,"column":6},"end":{"line":126,"column":8}},"36":{"start":{"line":15,"column":0},"end":{"line":15,"column":13}}},"fnMap":{"0":{"name":"(anonymous_1)","decl":{"start":{"line":15,"column":0},"end":{"line":15,"column":13}},"loc":{"start":{"line":15,"column":0},"end":{"line":129,"column":1}}},"1":{"name":"(anonymous_2)","decl":{"start":{"line":34,"column":2},"end":{"line":34,"column":7}},"loc":{"start":{"line":34,"column":37},"end":{"line":46,"column":3}}},"2":{"name":"(anonymous_3)","decl":{"start":{"line":48,"column":10},"end":{"line":48,"column":24}},"loc":{"start":{"line":48,"column":40},"end":{"line":93,"column":3}}},"3":{"name":"(anonymous_4)","decl":{"start":{"line":54,"column":29},"end":{"line":54,"column":30}},"loc":{"start":{"line":54,"column":49},"end":{"line":60,"column":5}}},"4":{"name":"(anonymous_5)","decl":{"start":{"line":63,"column":37},"end":{"line":63,"column":44}},"loc":{"start":{"line":63,"column":47},"end":{"line":69,"column":5}}},"5":{"name":"(anonymous_6)","decl":{"start":{"line":95,"column":10},"end":{"line":95,"column":15}},"loc":{"start":{"line":95,"column":49},"end":{"line":128,"column":3}}}},"branchMap":{"0":{"loc":{"start":{"line":37,"column":4},"end":{"line":39,"column":5}},"type":"if","locations":[{"start":{"line":37,"column":4},"end":{"line":39,"column":5}}]},"1":{"loc":{"start":{"line":41,"column":4},"end":{"line":43,"column":5}},"type":"if","locations":[{"start":{"line":41,"column":4},"end":{"line":43,"column":5}}]},"2":{"loc":{"start":{"line":55,"column":6},"end":{"line":59,"column":7}},"type":"if","locations":[{"start":{"line":55,"column":6},"end":{"line":59,"column":7}}]},"3":{"loc":{"start":{"line":64,"column":6},"end":{"line":68,"column":7}},"type":"if","locations":[{"start":{"line":64,"column":6},"end":{"line":68,"column":7}}]},"4":{"loc":{"start":{"line":72,"column":4},"end":{"line":78,"column":5}},"type":"if","locations":[{"start":{"line":72,"column":4},"end":{"line":78,"column":5}}]},"5":{"loc":{"start":{"line":72,"column":8},"end":{"line":72,"column":54}},"type":"binary-expr","locations":[{"start":{"line":72,"column":8},"end":{"line":72,"column":16}},{"start":{"line":72,"column":20},"end":{"line":72,"column":32}},{"start":{"line":72,"column":36},"end":{"line":72,"column":54}}]},"6":{"loc":{"start":{"line":80,"column":4},"end":{"line":86,"column":5}},"type":"if","locations":[{"start":{"line":80,"column":4},"end":{"line":86,"column":5}}]},"7":{"loc":{"start":{"line":80,"column":8},"end":{"line":80,"column":50}},"type":"binary-expr","locations":[{"start":{"line":80,"column":8},"end":{"line":80,"column":28}},{"start":{"line":80,"column":32},"end":{"line":80,"column":50}}]},"8":{"loc":{"start":{"line":91,"column":15},"end":{"line":91,"column":68}},"type":"cond-expr","locations":[{"start":{"line":91,"column":36},"end":{"line":91,"column":43}},{"start":{"line":91,"column":46},"end":{"line":91,"column":68}}]},"9":{"loc":{"start":{"line":113,"column":8},"end":{"line":113,"column":75}},"type":"cond-expr","locations":[{"start":{"line":113,"column":45},"end":{"line":113,"column":68}},{"start":{"line":113,"column":71},"end":{"line":113,"column":75}}]},"10":{"loc":{"start":{"line":117,"column":21},"end":{"line":117,"column":54}},"type":"binary-expr","locations":[{"start":{"line":117,"column":21},"end":{"line":117,"column":39}},{"start":{"line":117,"column":43},"end":{"line":117,"column":54}}]},"11":{"loc":{"start":{"line":118,"column":20},"end":{"line":118,"column":44}},"type":"binary-expr","locations":[{"start":{"line":118,"column":20},"end":{"line":118,"column":37}},{"start":{"line":118,"column":41},"end":{"line":118,"column":44}}]},"12":{"loc":{"start":{"line":119,"column":18},"end":{"line":119,"column":54}},"type":"binary-expr","locations":[{"start":{"line":119,"column":18},"end":{"line":119,"column":31}},{"start":{"line":119,"column":35},"end":{"line":119,"column":54}}]}},"s":{"0":1,"1":1,"2":1,"3":1,"4":9,"5":9,"6":1,"7":8,"8":0,"9":8,"10":9,"11":9,"12":9,"13":9,"14":9,"15":36,"16":6,"17":6,"18":6,"19":9,"20":9,"21":54,"22":2,"23":2,"24":2,"25":9,"26":8,"27":1,"28":1,"29":0,"30":0,"31":0,"32":0,"33":0,"34":0,"35":0,"36":1},"f":{"0":1,"1":9,"2":9,"3":36,"4":54,"5":0},"b":{"0":[1],"1":[0],"2":[6],"3":[2],"4":[8],"5":[9,3,1],"6":[1],"7":[1,1],"8":[0,0],"9":[0,0],"10":[0,0],"11":[0,0],"12":[0,0]}}
}
