{"/Users/rafalciesielski/Developer/ChiefofStaff/src/business-logic/article-store.ts": {"path":"/Users/rafalciesielski/Developer/ChiefofStaff/src/business-logic/article-store.ts","statementMap":{"0":{"start":{"line":1,"column":0},"end":{"line":1,"column":34}},"1":{"start":{"line":2,"column":0},"end":{"line":2,"column":29}},"2":{"start":{"line":4,"column":0},"end":{"line":4,"column":36}},"3":{"start":{"line":40,"column":22},"end":{"line":40,"column":38}},"4":{"start":{"line":37,"column":19},"end":{"line":37,"column":51}},"5":{"start":{"line":38,"column":19},"end":{"line":38,"column":39}},"6":{"start":{"line":41,"column":4},"end":{"line":41,"column":43}},"7":{"start":{"line":48,"column":4},"end":{"line":76,"column":5}},"8":{"start":{"line":49,"column":22},"end":{"line":49,"column":63}},"9":{"start":{"line":50,"column":6},"end":{"line":52,"column":7}},"10":{"start":{"line":51,"column":8},"end":{"line":51,"column":18}},"11":{"start":{"line":54,"column":34},"end":{"line":54,"column":36}},"12":{"start":{"line":55,"column":20},"end":{"line":55,"column":39}},"13":{"start":{"line":57,"column":6},"end":{"line":67,"column":7}},"14":{"start":{"line":58,"column":8},"end":{"line":66,"column":9}},"15":{"start":{"line":59,"column":10},"end":{"line":65,"column":11}},"16":{"start":{"line":60,"column":28},"end":{"line":60,"column":55}},"17":{"start":{"line":61,"column":12},"end":{"line":61,"column":35}},"18":{"start":{"line":64,"column":12},"end":{"line":64,"column":66}},"19":{"start":{"line":69,"column":6},"end":{"line":69,"column":22}},"20":{"start":{"line":72,"column":6},"end":{"line":74,"column":7}},"21":{"start":{"line":73,"column":8},"end":{"line":73,"column":18}},"22":{"start":{"line":75,"column":6},"end":{"line":75,"column":18}},"23":{"start":{"line":83,"column":4},"end":{"line":83,"column":29}},"24":{"start":{"line":85,"column":4},"end":{"line":93,"column":5}},"25":{"start":{"line":86,"column":22},"end":{"line":88,"column":19}},"26":{"start":{"line":87,"column":24},"end":{"line":87,"column":47}},"27":{"start":{"line":90,"column":6},"end":{"line":90,"column":94}},"28":{"start":{"line":92,"column":6},"end":{"line":92,"column":31}},"29":{"start":{"line":101,"column":21},"end":{"line":101,"column":38}},"30":{"start":{"line":104,"column":21},"end":{"line":104,"column":47}},"31":{"start":{"line":106,"column":4},"end":{"line":109,"column":5}},"32":{"start":{"line":107,"column":18},"end":{"line":107,"column":48}},"33":{"start":{"line":108,"column":6},"end":{"line":108,"column":33}},"34":{"start":{"line":112,"column":4},"end":{"line":123,"column":5}},"35":{"start":{"line":113,"column":18},"end":{"line":113,"column":48}},"36":{"start":{"line":115,"column":6},"end":{"line":122,"column":7}},"37":{"start":{"line":118,"column":8},"end":{"line":118,"column":35}},"38":{"start":{"line":121,"column":8},"end":{"line":121,"column":35}},"39":{"start":{"line":126,"column":16},"end":{"line":126,"column":26}},"40":{"start":{"line":127,"column":19},"end":{"line":132,"column":6}},"41":{"start":{"line":128,"column":26},"end":{"line":128,"column":55}},"42":{"start":{"line":129,"column":20},"end":{"line":129,"column":57}},"43":{"start":{"line":130,"column":22},"end":{"line":130,"column":51}},"44":{"start":{"line":131,"column":6},"end":{"line":131,"column":44}},"45":{"start":{"line":135,"column":4},"end":{"line":137,"column":7}},"46":{"start":{"line":136,"column":6},"end":{"line":136,"column":83}},"47":{"start":{"line":140,"column":4},"end":{"line":140,"column":29}},"48":{"start":{"line":142,"column":4},"end":{"line":142,"column":18}},"49":{"start":{"line":149,"column":22},"end":{"line":149,"column":91}},"50":{"start":{"line":150,"column":4},"end":{"line":150,"column":45}},"51":{"start":{"line":157,"column":22},"end":{"line":157,"column":32}},"52":{"start":{"line":159,"column":4},"end":{"line":191,"column":5}},"53":{"start":{"line":160,"column":6},"end":{"line":190,"column":7}},"54":{"start":{"line":162,"column":19},"end":{"line":162,"column":133}},"55":{"start":{"line":163,"column":8},"end":{"line":163,"column":29}},"56":{"start":{"line":164,"column":8},"end":{"line":164,"column":15}},"57":{"start":{"line":166,"column":8},"end":{"line":168,"column":9}},"58":{"start":{"line":167,"column":10},"end":{"line":167,"column":22}},"59":{"start":{"line":171,"column":8},"end":{"line":182,"column":9}},"60":{"start":{"line":172,"column":24},"end":{"line":172,"column":56}},"61":{"start":{"line":173,"column":26},"end":{"line":173,"column":52}},"62":{"start":{"line":175,"column":10},"end":{"line":179,"column":11}},"63":{"start":{"line":177,"column":12},"end":{"line":177,"column":47}},"64":{"start":{"line":178,"column":12},"end":{"line":178,"column":21}},"65":{"start":{"line":185,"column":8},"end":{"line":187,"column":9}},"66":{"start":{"line":186,"column":10},"end":{"line":186,"column":104}},"67":{"start":{"line":189,"column":8},"end":{"line":189,"column":29}},"68":{"start":{"line":198,"column":4},"end":{"line":204,"column":5}},"69":{"start":{"line":199,"column":6},"end":{"line":199,"column":41}},"70":{"start":{"line":201,"column":6},"end":{"line":203,"column":7}},"71":{"start":{"line":202,"column":8},"end":{"line":202,"column":57}},"72":{"start":{"line":211,"column":4},"end":{"line":211,"column":59}},"73":{"start":{"line":211,"column":34},"end":{"line":211,"column":57}},"74":{"start":{"line":35,"column":0},"end":{"line":35,"column":13}}},"fnMap":{"0":{"name":"(anonymous_9)","decl":{"start":{"line":40,"column":2},"end":{"line":40,"column":22}},"loc":{"start":{"line":40,"column":38},"end":{"line":42,"column":3}}},"1":{"name":"(anonymous_10)","decl":{"start":{"line":47,"column":2},"end":{"line":47,"column":7}},"loc":{"start":{"line":47,"column":12},"end":{"line":77,"column":3}}},"2":{"name":"(anonymous_11)","decl":{"start":{"line":82,"column":2},"end":{"line":82,"column":7}},"loc":{"start":{"line":82,"column":33},"end":{"line":94,"column":3}}},"3":{"name":"(anonymous_12)","decl":{"start":{"line":87,"column":13},"end":{"line":87,"column":20}},"loc":{"start":{"line":87,"column":24},"end":{"line":87,"column":47}}},"4":{"name":"(anonymous_13)","decl":{"start":{"line":99,"column":2},"end":{"line":99,"column":7}},"loc":{"start":{"line":99,"column":44},"end":{"line":143,"column":3}}},"5":{"name":"(anonymous_14)","decl":{"start":{"line":127,"column":56},"end":{"line":127,"column":63}},"loc":{"start":{"line":127,"column":66},"end":{"line":132,"column":5}}},"6":{"name":"(anonymous_15)","decl":{"start":{"line":135,"column":16},"end":{"line":135,"column":17}},"loc":{"start":{"line":135,"column":25},"end":{"line":137,"column":5}}},"7":{"name":"(anonymous_16)","decl":{"start":{"line":148,"column":10},"end":{"line":148,"column":26}},"loc":{"start":{"line":148,"column":43},"end":{"line":151,"column":3}}},"8":{"name":"(anonymous_17)","decl":{"start":{"line":156,"column":10},"end":{"line":156,"column":15}},"loc":{"start":{"line":156,"column":27},"end":{"line":192,"column":3}}},"9":{"name":"(anonymous_18)","decl":{"start":{"line":197,"column":10},"end":{"line":197,"column":15}},"loc":{"start":{"line":197,"column":27},"end":{"line":205,"column":3}}},"10":{"name":"(anonymous_19)","decl":{"start":{"line":210,"column":10},"end":{"line":210,"column":15}},"loc":{"start":{"line":210,"column":26},"end":{"line":212,"column":3}}},"11":{"name":"(anonymous_20)","decl":{"start":{"line":211,"column":23},"end":{"line":211,"column":30}},"loc":{"start":{"line":211,"column":34},"end":{"line":211,"column":57}}}},"branchMap":{"0":{"loc":{"start":{"line":50,"column":6},"end":{"line":52,"column":7}},"type":"if","locations":[{"start":{"line":50,"column":6},"end":{"line":52,"column":7}}]},"1":{"loc":{"start":{"line":58,"column":8},"end":{"line":66,"column":9}},"type":"if","locations":[{"start":{"line":58,"column":8},"end":{"line":66,"column":9}}]},"2":{"loc":{"start":{"line":72,"column":6},"end":{"line":74,"column":7}},"type":"if","locations":[{"start":{"line":72,"column":6},"end":{"line":74,"column":7}}]},"3":{"loc":{"start":{"line":90,"column":51},"end":{"line":90,"column":82}},"type":"cond-expr","locations":[{"start":{"line":90,"column":73},"end":{"line":90,"column":77}},{"start":{"line":90,"column":80},"end":{"line":90,"column":82}}]},"4":{"loc":{"start":{"line":115,"column":6},"end":{"line":122,"column":7}},"type":"if","locations":[{"start":{"line":115,"column":6},"end":{"line":122,"column":7}},{"start":{"line":119,"column":13},"end":{"line":122,"column":7}}]},"5":{"loc":{"start":{"line":166,"column":8},"end":{"line":168,"column":9}},"type":"if","locations":[{"start":{"line":166,"column":8},"end":{"line":168,"column":9}}]},"6":{"loc":{"start":{"line":175,"column":10},"end":{"line":179,"column":11}},"type":"if","locations":[{"start":{"line":175,"column":10},"end":{"line":179,"column":11}}]},"7":{"loc":{"start":{"line":185,"column":8},"end":{"line":187,"column":9}},"type":"if","locations":[{"start":{"line":185,"column":8},"end":{"line":187,"column":9}}]},"8":{"loc":{"start":{"line":201,"column":6},"end":{"line":203,"column":7}},"type":"if","locations":[{"start":{"line":201,"column":6},"end":{"line":203,"column":7}}]}},"s":{"0":2,"1":2,"2":2,"3":7,"4":7,"5":7,"6":7,"7":7,"8":7,"9":7,"10":0,"11":7,"12":7,"13":7,"14":26,"15":19,"16":19,"17":18,"18":1,"19":7,"20":0,"21":0,"22":0,"23":0,"24":0,"25":0,"26":0,"27":0,"28":0,"29":0,"30":0,"31":0,"32":0,"33":0,"34":0,"35":0,"36":0,"37":0,"38":0,"39":0,"40":0,"41":0,"42":0,"43":0,"44":0,"45":0,"46":0,"47":0,"48":0,"49":0,"50":0,"51":0,"52":0,"53":0,"54":0,"55":0,"56":0,"57":0,"58":0,"59":0,"60":0,"61":0,"62":0,"63":0,"64":0,"65":0,"66":0,"67":0,"68":0,"69":0,"70":0,"71":0,"72":0,"73":0,"74":2},"f":{"0":7,"1":7,"2":0,"3":0,"4":0,"5":0,"6":0,"7":0,"8":0,"9":0,"10":0,"11":0},"b":{"0":[0],"1":[19],"2":[0],"3":[0,0],"4":[0,0],"5":[0],"6":[0],"7":[0],"8":[0]}}
,"/Users/rafalciesielski/Developer/ChiefofStaff/src/business-logic/domain-classification-fallback.ts": {"path":"/Users/rafalciesielski/Developer/ChiefofStaff/src/business-logic/domain-classification-fallback.ts","statementMap":{"0":{"start":{"line":23,"column":0},"end":{"line":23,"column":42}},"1":{"start":{"line":51,"column":10},"end":{"line":51,"column":64}},"2":{"start":{"line":54,"column":4},"end":{"line":54,"column":34}},"3":{"start":{"line":58,"column":4},"end":{"line":58,"column":35}},"4":{"start":{"line":62,"column":4},"end":{"line":62,"column":34}},"5":{"start":{"line":67,"column":4},"end":{"line":70,"column":8}},"6":{"start":{"line":67,"column":72},"end":{"line":70,"column":6}},"7":{"start":{"line":77,"column":4},"end":{"line":79,"column":5}},"8":{"start":{"line":78,"column":6},"end":{"line":78,"column":38}},"9":{"start":{"line":83,"column":4},"end":{"line":83,"column":23}},"10":{"start":{"line":87,"column":4},"end":{"line":87,"column":27}},"11":{"start":{"line":50,"column":0},"end":{"line":50,"column":13}},"12":{"start":{"line":96,"column":60},"end":{"line":123,"column":2}},"13":{"start":{"line":125,"column":25},"end":{"line":125,"column":65}},"14":{"start":{"line":125,"column":59},"end":{"line":125,"column":63}},"15":{"start":{"line":146,"column":13},"end":{"line":146,"column":43}},"16":{"start":{"line":149,"column":13},"end":{"line":152,"column":3}},"17":{"start":{"line":154,"column":21},"end":{"line":161,"column":2}},"18":{"start":{"line":171,"column":19},"end":{"line":171,"column":36}},"19":{"start":{"line":174,"column":10},"end":{"line":174,"column":23}},"20":{"start":{"line":175,"column":10},"end":{"line":175,"column":24}},"21":{"start":{"line":176,"column":10},"end":{"line":176,"column":36}},"22":{"start":{"line":179,"column":18},"end":{"line":179,"column":52}},"23":{"start":{"line":180,"column":4},"end":{"line":184,"column":5}},"24":{"start":{"line":181,"column":6},"end":{"line":183,"column":8}},"25":{"start":{"line":185,"column":4},"end":{"line":185,"column":23}},"26":{"start":{"line":187,"column":4},"end":{"line":189,"column":81}},"27":{"start":{"line":191,"column":4},"end":{"line":191,"column":68}},"28":{"start":{"line":192,"column":4},"end":{"line":193,"column":39}},"29":{"start":{"line":211,"column":4},"end":{"line":214,"column":5}},"30":{"start":{"line":212,"column":6},"end":{"line":212,"column":35}},"31":{"start":{"line":213,"column":6},"end":{"line":213,"column":29}},"32":{"start":{"line":217,"column":19},"end":{"line":217,"column":42}},"33":{"start":{"line":218,"column":4},"end":{"line":221,"column":5}},"34":{"start":{"line":219,"column":6},"end":{"line":219,"column":23}},"35":{"start":{"line":220,"column":6},"end":{"line":220,"column":20}},"36":{"start":{"line":225,"column":4},"end":{"line":233,"column":5}},"37":{"start":{"line":226,"column":6},"end":{"line":226,"column":77}},"38":{"start":{"line":228,"column":18},"end":{"line":228,"column":72}},"39":{"start":{"line":229,"column":6},"end":{"line":231,"column":8}},"40":{"start":{"line":232,"column":6},"end":{"line":232,"column":38}},"41":{"start":{"line":236,"column":4},"end":{"line":236,"column":36}},"42":{"start":{"line":237,"column":4},"end":{"line":237,"column":18}},"43":{"start":{"line":248,"column":19},"end":{"line":248,"column":67}},"44":{"start":{"line":250,"column":4},"end":{"line":250,"column":20}},"45":{"start":{"line":251,"column":20},"end":{"line":255,"column":6}},"46":{"start":{"line":257,"column":4},"end":{"line":259,"column":5}},"47":{"start":{"line":258,"column":6},"end":{"line":258,"column":36}},"48":{"start":{"line":262,"column":6},"end":{"line":262,"column":71}},"49":{"start":{"line":264,"column":4},"end":{"line":264,"column":44}},"50":{"start":{"line":275,"column":24},"end":{"line":277,"column":16}},"51":{"start":{"line":276,"column":13},"end":{"line":276,"column":35}},"52":{"start":{"line":279,"column":35},"end":{"line":279,"column":37}},"53":{"start":{"line":280,"column":4},"end":{"line":280,"column":77}},"54":{"start":{"line":280,"column":24},"end":{"line":280,"column":77}},"55":{"start":{"line":281,"column":4},"end":{"line":281,"column":83}},"56":{"start":{"line":281,"column":26},"end":{"line":281,"column":83}},"57":{"start":{"line":283,"column":6},"end":{"line":283,"column":69}},"58":{"start":{"line":285,"column":4},"end":{"line":303,"column":7}},"59":{"start":{"line":313,"column":22},"end":{"line":313,"column":56}},"60":{"start":{"line":314,"column":4},"end":{"line":316,"column":5}},"61":{"start":{"line":315,"column":6},"end":{"line":315,"column":36}},"62":{"start":{"line":319,"column":4},"end":{"line":323,"column":5}},"63":{"start":{"line":320,"column":6},"end":{"line":320,"column":40}},"64":{"start":{"line":322,"column":6},"end":{"line":322,"column":36}},"65":{"start":{"line":325,"column":19},"end":{"line":325,"column":80}},"66":{"start":{"line":327,"column":6},"end":{"line":327,"column":69}},"67":{"start":{"line":330,"column":4},"end":{"line":332,"column":5}},"68":{"start":{"line":331,"column":6},"end":{"line":331,"column":36}},"69":{"start":{"line":335,"column":4},"end":{"line":341,"column":5}},"70":{"start":{"line":340,"column":6},"end":{"line":340,"column":36}},"71":{"start":{"line":344,"column":4},"end":{"line":346,"column":5}},"72":{"start":{"line":345,"column":6},"end":{"line":345,"column":36}},"73":{"start":{"line":348,"column":4},"end":{"line":348,"column":34}},"74":{"start":{"line":361,"column":22},"end":{"line":361,"column":59}},"75":{"start":{"line":362,"column":23},"end":{"line":362,"column":60}},"76":{"start":{"line":363,"column":4},"end":{"line":368,"column":6}},"77":{"start":{"line":373,"column":4},"end":{"line":373,"column":22}},"78":{"start":{"line":378,"column":4},"end":{"line":378,"column":43}},"79":{"start":{"line":378,"column":37},"end":{"line":378,"column":41}},"80":{"start":{"line":166,"column":0},"end":{"line":166,"column":13}}},"fnMap":{"0":{"name":"(anonymous_1)","decl":{"start":{"line":50,"column":0},"end":{"line":50,"column":13}},"loc":{"start":{"line":50,"column":0},"end":{"line":89,"column":1}}},"1":{"name":"(anonymous_2)","decl":{"start":{"line":53,"column":2},"end":{"line":53,"column":5}},"loc":{"start":{"line":53,"column":20},"end":{"line":55,"column":3}}},"2":{"name":"(anonymous_3)","decl":{"start":{"line":57,"column":2},"end":{"line":57,"column":5}},"loc":{"start":{"line":57,"column":56},"end":{"line":59,"column":3}}},"3":{"name":"(anonymous_4)","decl":{"start":{"line":61,"column":2},"end":{"line":61,"column":5}},"loc":{"start":{"line":61,"column":20},"end":{"line":63,"column":3}}},"4":{"name":"(anonymous_5)","decl":{"start":{"line":66,"column":2},"end":{"line":66,"column":15}},"loc":{"start":{"line":66,"column":15},"end":{"line":71,"column":3}}},"5":{"name":"(anonymous_6)","decl":{"start":{"line":67,"column":48},"end":{"line":67,"column":49}},"loc":{"start":{"line":67,"column":72},"end":{"line":70,"column":6}}},"6":{"name":"(anonymous_7)","decl":{"start":{"line":74,"column":2},"end":{"line":74,"column":15}},"loc":{"start":{"line":75,"column":75},"end":{"line":80,"column":3}}},"7":{"name":"(anonymous_8)","decl":{"start":{"line":82,"column":2},"end":{"line":82,"column":7}},"loc":{"start":{"line":82,"column":7},"end":{"line":84,"column":3}}},"8":{"name":"(anonymous_9)","decl":{"start":{"line":86,"column":2},"end":{"line":86,"column":6}},"loc":{"start":{"line":86,"column":10},"end":{"line":88,"column":3}}},"9":{"name":"(anonymous_10)","decl":{"start":{"line":125,"column":52},"end":{"line":125,"column":53}},"loc":{"start":{"line":125,"column":59},"end":{"line":125,"column":63}}},"10":{"name":"(anonymous_11)","decl":{"start":{"line":178,"column":2},"end":{"line":178,"column":14}},"loc":{"start":{"line":178,"column":63},"end":{"line":194,"column":3}}},"11":{"name":"(anonymous_12)","decl":{"start":{"line":205,"column":2},"end":{"line":205,"column":7}},"loc":{"start":{"line":208,"column":28},"end":{"line":238,"column":3}}},"12":{"name":"(anonymous_13)","decl":{"start":{"line":243,"column":10},"end":{"line":243,"column":15}},"loc":{"start":{"line":246,"column":28},"end":{"line":265,"column":3}}},"13":{"name":"(anonymous_14)","decl":{"start":{"line":270,"column":10},"end":{"line":270,"column":21}},"loc":{"start":{"line":273,"column":28},"end":{"line":304,"column":3}}},"14":{"name":"(anonymous_15)","decl":{"start":{"line":276,"column":6},"end":{"line":276,"column":7}},"loc":{"start":{"line":276,"column":13},"end":{"line":276,"column":35}}},"15":{"name":"(anonymous_16)","decl":{"start":{"line":312,"column":10},"end":{"line":312,"column":23}},"loc":{"start":{"line":312,"column":44},"end":{"line":349,"column":3}}},"16":{"name":"(anonymous_17)","decl":{"start":{"line":355,"column":2},"end":{"line":355,"column":10}},"loc":{"start":{"line":355,"column":10},"end":{"line":369,"column":3}}},"17":{"name":"(anonymous_18)","decl":{"start":{"line":372,"column":2},"end":{"line":372,"column":10}},"loc":{"start":{"line":372,"column":10},"end":{"line":374,"column":3}}},"18":{"name":"(anonymous_19)","decl":{"start":{"line":377,"column":2},"end":{"line":377,"column":8}},"loc":{"start":{"line":377,"column":24},"end":{"line":379,"column":3}}},"19":{"name":"(anonymous_20)","decl":{"start":{"line":378,"column":30},"end":{"line":378,"column":31}},"loc":{"start":{"line":378,"column":37},"end":{"line":378,"column":41}}}},"branchMap":{"0":{"loc":{"start":{"line":178,"column":14},"end":{"line":178,"column":63}},"type":"default-arg","locations":[{"start":{"line":178,"column":61},"end":{"line":178,"column":63}}]},"1":{"loc":{"start":{"line":179,"column":18},"end":{"line":179,"column":52}},"type":"binary-expr","locations":[{"start":{"line":179,"column":18},"end":{"line":179,"column":31}},{"start":{"line":179,"column":35},"end":{"line":179,"column":52}}]},"2":{"loc":{"start":{"line":180,"column":4},"end":{"line":184,"column":5}},"type":"if","locations":[{"start":{"line":180,"column":4},"end":{"line":184,"column":5}}]},"3":{"loc":{"start":{"line":188,"column":6},"end":{"line":189,"column":80}},"type":"binary-expr","locations":[{"start":{"line":188,"column":6},"end":{"line":188,"column":20}},{"start":{"line":189,"column":6},"end":{"line":189,"column":80}}]},"4":{"loc":{"start":{"line":189,"column":30},"end":{"line":189,"column":77}},"type":"binary-expr","locations":[{"start":{"line":189,"column":30},"end":{"line":189,"column":44}},{"start":{"line":189,"column":48},"end":{"line":189,"column":77}}]},"5":{"loc":{"start":{"line":191,"column":17},"end":{"line":191,"column":67}},"type":"binary-expr","locations":[{"start":{"line":191,"column":17},"end":{"line":191,"column":30}},{"start":{"line":191,"column":34},"end":{"line":191,"column":67}}]},"6":{"loc":{"start":{"line":193,"column":6},"end":{"line":193,"column":38}},"type":"binary-expr","locations":[{"start":{"line":193,"column":6},"end":{"line":193,"column":31}},{"start":{"line":193,"column":35},"end":{"line":193,"column":38}}]},"7":{"loc":{"start":{"line":211,"column":4},"end":{"line":214,"column":5}},"type":"if","locations":[{"start":{"line":211,"column":4},"end":{"line":214,"column":5}}]},"8":{"loc":{"start":{"line":218,"column":4},"end":{"line":221,"column":5}},"type":"if","locations":[{"start":{"line":218,"column":4},"end":{"line":221,"column":5}}]},"9":{"loc":{"start":{"line":228,"column":18},"end":{"line":228,"column":72}},"type":"cond-expr","locations":[{"start":{"line":228,"column":43},"end":{"line":228,"column":56}},{"start":{"line":228,"column":59},"end":{"line":228,"column":72}}]},"10":{"loc":{"start":{"line":257,"column":4},"end":{"line":259,"column":5}},"type":"if","locations":[{"start":{"line":257,"column":4},"end":{"line":259,"column":5}}]},"11":{"loc":{"start":{"line":257,"column":8},"end":{"line":257,"column":48}},"type":"binary-expr","locations":[{"start":{"line":257,"column":8},"end":{"line":257,"column":25}},{"start":{"line":257,"column":29},"end":{"line":257,"column":48}}]},"12":{"loc":{"start":{"line":262,"column":6},"end":{"line":262,"column":71}},"type":"cond-expr","locations":[{"start":{"line":262,"column":43},"end":{"line":262,"column":66}},{"start":{"line":262,"column":69},"end":{"line":262,"column":71}}]},"13":{"loc":{"start":{"line":280,"column":4},"end":{"line":280,"column":77}},"type":"if","locations":[{"start":{"line":280,"column":4},"end":{"line":280,"column":77}}]},"14":{"loc":{"start":{"line":281,"column":4},"end":{"line":281,"column":83}},"type":"if","locations":[{"start":{"line":281,"column":4},"end":{"line":281,"column":83}}]},"15":{"loc":{"start":{"line":283,"column":6},"end":{"line":283,"column":69}},"type":"cond-expr","locations":[{"start":{"line":283,"column":32},"end":{"line":283,"column":64}},{"start":{"line":283,"column":67},"end":{"line":283,"column":69}}]},"16":{"loc":{"start":{"line":314,"column":4},"end":{"line":316,"column":5}},"type":"if","locations":[{"start":{"line":314,"column":4},"end":{"line":316,"column":5}}]},"17":{"loc":{"start":{"line":325,"column":19},"end":{"line":325,"column":80}},"type":"cond-expr","locations":[{"start":{"line":325,"column":55},"end":{"line":325,"column":75}},{"start":{"line":325,"column":78},"end":{"line":325,"column":80}}]},"18":{"loc":{"start":{"line":327,"column":6},"end":{"line":327,"column":69}},"type":"cond-expr","locations":[{"start":{"line":327,"column":46},"end":{"line":327,"column":63}},{"start":{"line":327,"column":66},"end":{"line":327,"column":69}}]},"19":{"loc":{"start":{"line":330,"column":4},"end":{"line":332,"column":5}},"type":"if","locations":[{"start":{"line":330,"column":4},"end":{"line":332,"column":5}}]},"20":{"loc":{"start":{"line":335,"column":4},"end":{"line":341,"column":5}},"type":"if","locations":[{"start":{"line":335,"column":4},"end":{"line":341,"column":5}}]},"21":{"loc":{"start":{"line":336,"column":6},"end":{"line":338,"column":20}},"type":"binary-expr","locations":[{"start":{"line":336,"column":6},"end":{"line":336,"column":30}},{"start":{"line":337,"column":6},"end":{"line":337,"column":42}},{"start":{"line":338,"column":6},"end":{"line":338,"column":20}}]},"22":{"loc":{"start":{"line":344,"column":4},"end":{"line":346,"column":5}},"type":"if","locations":[{"start":{"line":344,"column":4},"end":{"line":346,"column":5}}]}},"s":{"0":1,"1":1,"2":0,"3":0,"4":0,"5":0,"6":0,"7":0,"8":0,"9":0,"10":0,"11":1,"12":1,"13":1,"14":26,"15":1,"16":1,"17":1,"18":1,"19":1,"20":1,"21":1,"22":1,"23":1,"24":0,"25":1,"26":1,"27":1,"28":1,"29":0,"30":0,"31":0,"32":0,"33":0,"34":0,"35":0,"36":0,"37":0,"38":0,"39":0,"40":0,"41":0,"42":0,"43":0,"44":0,"45":0,"46":0,"47":0,"48":0,"49":0,"50":0,"51":0,"52":0,"53":0,"54":0,"55":0,"56":0,"57":0,"58":0,"59":0,"60":0,"61":0,"62":0,"63":0,"64":0,"65":0,"66":0,"67":0,"68":0,"69":0,"70":0,"71":0,"72":0,"73":0,"74":0,"75":0,"76":0,"77":0,"78":0,"79":0,"80":1},"f":{"0":1,"1":0,"2":0,"3":0,"4":0,"5":0,"6":0,"7":0,"8":0,"9":26,"10":1,"11":0,"12":0,"13":0,"14":0,"15":0,"16":0,"17":0,"18":0,"19":0},"b":{"0":[0],"1":[1,1],"2":[0],"3":[1,1],"4":[1,1],"5":[1,0],"6":[1,1],"7":[0],"8":[0],"9":[0,0],"10":[0],"11":[0,0],"12":[0,0],"13":[0],"14":[0],"15":[0,0],"16":[0],"17":[0,0],"18":[0,0],"19":[0],"20":[0],"21":[0,0,0],"22":[0]}}
,"/Users/rafalciesielski/Developer/ChiefofStaff/src/business-logic/domain-classifier.ts": {"path":"/Users/rafalciesielski/Developer/ChiefofStaff/src/business-logic/domain-classifier.ts","statementMap":{"0":{"start":{"line":42,"column":4},"end":{"line":42,"column":44}},"1":{"start":{"line":49,"column":40},"end":{"line":319,"column":6}},"2":{"start":{"line":321,"column":22},"end":{"line":321,"column":57}},"3":{"start":{"line":322,"column":4},"end":{"line":324,"column":7}},"4":{"start":{"line":323,"column":6},"end":{"line":323,"column":39}},"5":{"start":{"line":326,"column":4},"end":{"line":326,"column":21}},"6":{"start":{"line":349,"column":25},"end":{"line":349,"column":52}},"7":{"start":{"line":352,"column":101},"end":{"line":352,"column":103}},"8":{"start":{"line":354,"column":4},"end":{"line":379,"column":5}},"9":{"start":{"line":355,"column":6},"end":{"line":355,"column":43}},"10":{"start":{"line":355,"column":34},"end":{"line":355,"column":43}},"11":{"start":{"line":357,"column":22},"end":{"line":357,"column":77}},"12":{"start":{"line":358,"column":27},"end":{"line":358,"column":72}},"13":{"start":{"line":360,"column":6},"end":{"line":378,"column":7}},"14":{"start":{"line":361,"column":20},"end":{"line":361,"column":21}},"15":{"start":{"line":364,"column":8},"end":{"line":370,"column":9}},"16":{"start":{"line":365,"column":10},"end":{"line":365,"column":23}},"17":{"start":{"line":366,"column":15},"end":{"line":370,"column":9}},"18":{"start":{"line":367,"column":10},"end":{"line":367,"column":23}},"19":{"start":{"line":368,"column":15},"end":{"line":370,"column":9}},"20":{"start":{"line":369,"column":10},"end":{"line":369,"column":23}},"21":{"start":{"line":373,"column":8},"end":{"line":375,"column":9}},"22":{"start":{"line":374,"column":10},"end":{"line":374,"column":23}},"23":{"start":{"line":377,"column":8},"end":{"line":377,"column":72}},"24":{"start":{"line":382,"column":4},"end":{"line":385,"column":5}},"25":{"start":{"line":384,"column":6},"end":{"line":384,"column":52}},"26":{"start":{"line":388,"column":4},"end":{"line":388,"column":70}},"27":{"start":{"line":388,"column":26},"end":{"line":388,"column":68}},"28":{"start":{"line":389,"column":17},"end":{"line":389,"column":26}},"29":{"start":{"line":392,"column":23},"end":{"line":392,"column":90}},"30":{"start":{"line":394,"column":4},"end":{"line":394,"column":47}},"31":{"start":{"line":401,"column":4},"end":{"line":406,"column":6}},"32":{"start":{"line":405,"column":26},"end":{"line":405,"column":41}},"33":{"start":{"line":413,"column":16},"end":{"line":413,"column":17}},"34":{"start":{"line":414,"column":25},"end":{"line":414,"column":49}},"35":{"start":{"line":416,"column":4},"end":{"line":440,"column":5}},"36":{"start":{"line":418,"column":6},"end":{"line":439,"column":7}},"37":{"start":{"line":419,"column":8},"end":{"line":419,"column":16}},"38":{"start":{"line":420,"column":13},"end":{"line":439,"column":7}},"39":{"start":{"line":422,"column":28},"end":{"line":422,"column":46}},"40":{"start":{"line":423,"column":8},"end":{"line":425,"column":9}},"41":{"start":{"line":424,"column":10},"end":{"line":424,"column":18}},"42":{"start":{"line":426,"column":13},"end":{"line":439,"column":7}},"43":{"start":{"line":428,"column":23},"end":{"line":428,"column":48}},"44":{"start":{"line":429,"column":28},"end":{"line":429,"column":45}},"45":{"start":{"line":430,"column":8},"end":{"line":432,"column":9}},"46":{"start":{"line":431,"column":10},"end":{"line":431,"column":18}},"47":{"start":{"line":433,"column":13},"end":{"line":439,"column":7}},"48":{"start":{"line":435,"column":22},"end":{"line":435,"column":40}},"49":{"start":{"line":436,"column":8},"end":{"line":438,"column":9}},"50":{"start":{"line":437,"column":10},"end":{"line":437,"column":23}},"51":{"start":{"line":441,"column":4},"end":{"line":441,"column":31}},"52":{"start":{"line":448,"column":4},"end":{"line":448,"column":47}},"53":{"start":{"line":448,"column":34},"end":{"line":448,"column":47}},"54":{"start":{"line":449,"column":4},"end":{"line":449,"column":79}},"55":{"start":{"line":449,"column":34},"end":{"line":449,"column":79}},"56":{"start":{"line":451,"column":4},"end":{"line":456,"column":5}},"57":{"start":{"line":451,"column":17},"end":{"line":451,"column":18}},"58":{"start":{"line":452,"column":20},"end":{"line":452,"column":65}},"59":{"start":{"line":453,"column":6},"end":{"line":455,"column":7}},"60":{"start":{"line":453,"column":37},"end":{"line":453,"column":62}},"61":{"start":{"line":454,"column":8},"end":{"line":454,"column":20}},"62":{"start":{"line":457,"column":4},"end":{"line":457,"column":17}},"63":{"start":{"line":471,"column":4},"end":{"line":481,"column":5}},"64":{"start":{"line":472,"column":6},"end":{"line":472,"column":18}},"65":{"start":{"line":473,"column":11},"end":{"line":481,"column":5}},"66":{"start":{"line":474,"column":6},"end":{"line":474,"column":18}},"67":{"start":{"line":475,"column":11},"end":{"line":481,"column":5}},"68":{"start":{"line":476,"column":6},"end":{"line":476,"column":18}},"69":{"start":{"line":477,"column":11},"end":{"line":481,"column":5}},"70":{"start":{"line":478,"column":6},"end":{"line":478,"column":18}},"71":{"start":{"line":480,"column":6},"end":{"line":480,"column":18}},"72":{"start":{"line":488,"column":4},"end":{"line":488,"column":43}},"73":{"start":{"line":495,"column":4},"end":{"line":495,"column":38}},"74":{"start":{"line":38,"column":0},"end":{"line":38,"column":13}}},"fnMap":{"0":{"name":"(anonymous_0)","decl":{"start":{"line":41,"column":2},"end":{"line":41,"column":null}},"loc":{"start":{"line":41,"column":2},"end":{"line":43,"column":3}}},"1":{"name":"(anonymous_1)","decl":{"start":{"line":48,"column":10},"end":{"line":48,"column":27}},"loc":{"start":{"line":48,"column":27},"end":{"line":327,"column":3}}},"2":{"name":"(anonymous_2)","decl":{"start":{"line":322,"column":20},"end":{"line":322,"column":21}},"loc":{"start":{"line":322,"column":31},"end":{"line":324,"column":5}}},"3":{"name":"(anonymous_3)","decl":{"start":{"line":348,"column":2},"end":{"line":348,"column":14}},"loc":{"start":{"line":348,"column":34},"end":{"line":395,"column":3}}},"4":{"name":"(anonymous_4)","decl":{"start":{"line":388,"column":16},"end":{"line":388,"column":17}},"loc":{"start":{"line":388,"column":26},"end":{"line":388,"column":68}}},"5":{"name":"(anonymous_5)","decl":{"start":{"line":400,"column":10},"end":{"line":400,"column":18}},"loc":{"start":{"line":400,"column":34},"end":{"line":407,"column":3}}},"6":{"name":"(anonymous_6)","decl":{"start":{"line":405,"column":16},"end":{"line":405,"column":17}},"loc":{"start":{"line":405,"column":26},"end":{"line":405,"column":41}}},"7":{"name":"(anonymous_7)","decl":{"start":{"line":412,"column":10},"end":{"line":412,"column":29}},"loc":{"start":{"line":412,"column":78},"end":{"line":442,"column":3}}},"8":{"name":"(anonymous_8)","decl":{"start":{"line":447,"column":10},"end":{"line":447,"column":30}},"loc":{"start":{"line":447,"column":76},"end":{"line":458,"column":3}}},"9":{"name":"(anonymous_9)","decl":{"start":{"line":453,"column":22},"end":{"line":453,"column":23}},"loc":{"start":{"line":453,"column":37},"end":{"line":453,"column":62}}},"10":{"name":"(anonymous_10)","decl":{"start":{"line":470,"column":10},"end":{"line":470,"column":27}},"loc":{"start":{"line":470,"column":81},"end":{"line":482,"column":3}}},"11":{"name":"(anonymous_11)","decl":{"start":{"line":487,"column":2},"end":{"line":487,"column":15}},"loc":{"start":{"line":487,"column":15},"end":{"line":489,"column":3}}},"12":{"name":"(anonymous_12)","decl":{"start":{"line":494,"column":2},"end":{"line":494,"column":11}},"loc":{"start":{"line":494,"column":28},"end":{"line":496,"column":3}}}},"branchMap":{"0":{"loc":{"start":{"line":355,"column":6},"end":{"line":355,"column":43}},"type":"if","locations":[{"start":{"line":355,"column":6},"end":{"line":355,"column":43}}]},"1":{"loc":{"start":{"line":360,"column":6},"end":{"line":378,"column":7}},"type":"if","locations":[{"start":{"line":360,"column":6},"end":{"line":378,"column":7}}]},"2":{"loc":{"start":{"line":360,"column":10},"end":{"line":360,"column":37}},"type":"binary-expr","locations":[{"start":{"line":360,"column":10},"end":{"line":360,"column":21}},{"start":{"line":360,"column":25},"end":{"line":360,"column":37}}]},"3":{"loc":{"start":{"line":364,"column":8},"end":{"line":370,"column":9}},"type":"if","locations":[{"start":{"line":364,"column":8},"end":{"line":370,"column":9}},{"start":{"line":366,"column":15},"end":{"line":370,"column":9}}]},"4":{"loc":{"start":{"line":366,"column":15},"end":{"line":370,"column":9}},"type":"if","locations":[{"start":{"line":366,"column":15},"end":{"line":370,"column":9}},{"start":{"line":368,"column":15},"end":{"line":370,"column":9}}]},"5":{"loc":{"start":{"line":368,"column":15},"end":{"line":370,"column":9}},"type":"if","locations":[{"start":{"line":368,"column":15},"end":{"line":370,"column":9}}]},"6":{"loc":{"start":{"line":373,"column":8},"end":{"line":375,"column":9}},"type":"if","locations":[{"start":{"line":373,"column":8},"end":{"line":375,"column":9}}]},"7":{"loc":{"start":{"line":382,"column":4},"end":{"line":385,"column":5}},"type":"if","locations":[{"start":{"line":382,"column":4},"end":{"line":385,"column":5}}]},"8":{"loc":{"start":{"line":388,"column":26},"end":{"line":388,"column":68}},"type":"binary-expr","locations":[{"start":{"line":388,"column":26},"end":{"line":388,"column":43}},{"start":{"line":388,"column":47},"end":{"line":388,"column":68}}]},"9":{"loc":{"start":{"line":418,"column":6},"end":{"line":439,"column":7}},"type":"if","locations":[{"start":{"line":418,"column":6},"end":{"line":439,"column":7}},{"start":{"line":420,"column":13},"end":{"line":439,"column":7}}]},"10":{"loc":{"start":{"line":420,"column":13},"end":{"line":439,"column":7}},"type":"if","locations":[{"start":{"line":420,"column":13},"end":{"line":439,"column":7}},{"start":{"line":426,"column":13},"end":{"line":439,"column":7}}]},"11":{"loc":{"start":{"line":423,"column":8},"end":{"line":425,"column":9}},"type":"if","locations":[{"start":{"line":423,"column":8},"end":{"line":425,"column":9}}]},"12":{"loc":{"start":{"line":426,"column":13},"end":{"line":439,"column":7}},"type":"if","locations":[{"start":{"line":426,"column":13},"end":{"line":439,"column":7}},{"start":{"line":433,"column":13},"end":{"line":439,"column":7}}]},"13":{"loc":{"start":{"line":430,"column":8},"end":{"line":432,"column":9}},"type":"if","locations":[{"start":{"line":430,"column":8},"end":{"line":432,"column":9}}]},"14":{"loc":{"start":{"line":433,"column":13},"end":{"line":439,"column":7}},"type":"if","locations":[{"start":{"line":433,"column":13},"end":{"line":439,"column":7}}]},"15":{"loc":{"start":{"line":436,"column":8},"end":{"line":438,"column":9}},"type":"if","locations":[{"start":{"line":436,"column":8},"end":{"line":438,"column":9}}]},"16":{"loc":{"start":{"line":448,"column":4},"end":{"line":448,"column":47}},"type":"if","locations":[{"start":{"line":448,"column":4},"end":{"line":448,"column":47}}]},"17":{"loc":{"start":{"line":449,"column":4},"end":{"line":449,"column":79}},"type":"if","locations":[{"start":{"line":449,"column":4},"end":{"line":449,"column":79}}]},"18":{"loc":{"start":{"line":453,"column":6},"end":{"line":455,"column":7}},"type":"if","locations":[{"start":{"line":453,"column":6},"end":{"line":455,"column":7}}]},"19":{"loc":{"start":{"line":471,"column":4},"end":{"line":481,"column":5}},"type":"if","locations":[{"start":{"line":471,"column":4},"end":{"line":481,"column":5}},{"start":{"line":473,"column":11},"end":{"line":481,"column":5}}]},"20":{"loc":{"start":{"line":473,"column":11},"end":{"line":481,"column":5}},"type":"if","locations":[{"start":{"line":473,"column":11},"end":{"line":481,"column":5}},{"start":{"line":475,"column":11},"end":{"line":481,"column":5}}]},"21":{"loc":{"start":{"line":475,"column":11},"end":{"line":481,"column":5}},"type":"if","locations":[{"start":{"line":475,"column":11},"end":{"line":481,"column":5}},{"start":{"line":477,"column":11},"end":{"line":481,"column":5}}]},"22":{"loc":{"start":{"line":477,"column":11},"end":{"line":481,"column":5}},"type":"if","locations":[{"start":{"line":477,"column":11},"end":{"line":481,"column":5}},{"start":{"line":479,"column":11},"end":{"line":481,"column":5}}]}},"s":{"0":1,"1":1,"2":1,"3":1,"4":26,"5":1,"6":0,"7":0,"8":0,"9":0,"10":0,"11":0,"12":0,"13":0,"14":0,"15":0,"16":0,"17":0,"18":0,"19":0,"20":0,"21":0,"22":0,"23":0,"24":0,"25":0,"26":0,"27":0,"28":0,"29":0,"30":0,"31":0,"32":0,"33":0,"34":0,"35":0,"36":0,"37":0,"38":0,"39":0,"40":0,"41":0,"42":0,"43":0,"44":0,"45":0,"46":0,"47":0,"48":0,"49":0,"50":0,"51":0,"52":0,"53":0,"54":0,"55":0,"56":0,"57":0,"58":0,"59":0,"60":0,"61":0,"62":0,"63":0,"64":0,"65":0,"66":0,"67":0,"68":0,"69":0,"70":0,"71":0,"72":0,"73":0,"74":1},"f":{"0":1,"1":1,"2":26,"3":0,"4":0,"5":0,"6":0,"7":0,"8":0,"9":0,"10":0,"11":0,"12":0},"b":{"0":[0],"1":[0],"2":[0,0],"3":[0,0],"4":[0,0],"5":[0],"6":[0],"7":[0],"8":[0,0],"9":[0,0],"10":[0,0],"11":[0],"12":[0,0],"13":[0],"14":[0],"15":[0],"16":[0],"17":[0],"18":[0],"19":[0,0],"20":[0,0],"21":[0,0],"22":[0,0]}}
,"/Users/rafalciesielski/Developer/ChiefofStaff/src/business-logic/knowledge-extraction.ts": {"path":"/Users/rafalciesielski/Developer/ChiefofStaff/src/business-logic/knowledge-extraction.ts","statementMap":{"0":{"start":{"line":426,"column":0},"end":{"line":426,"column":7}},"1":{"start":{"line":8,"column":0},"end":{"line":8,"column":42}},"2":{"start":{"line":9,"column":0},"end":{"line":9,"column":36}},"3":{"start":{"line":10,"column":0},"end":{"line":10,"column":20}},"4":{"start":{"line":11,"column":0},"end":{"line":11,"column":24}},"5":{"start":{"line":12,"column":0},"end":{"line":12,"column":null}},"6":{"start":{"line":20,"column":0},"end":{"line":20,"column":83}},"7":{"start":{"line":21,"column":0},"end":{"line":21,"column":null}},"8":{"start":{"line":35,"column":19},"end":{"line":35,"column":37}},"9":{"start":{"line":36,"column":19},"end":{"line":36,"column":37}},"10":{"start":{"line":37,"column":19},"end":{"line":45,"column":4}},"11":{"start":{"line":49,"column":19},"end":{"line":49,"column":56}},"12":{"start":{"line":57,"column":4},"end":{"line":59,"column":7}},"13":{"start":{"line":62,"column":28},"end":{"line":62,"column":83}},"14":{"start":{"line":63,"column":4},"end":{"line":67,"column":5}},"15":{"start":{"line":64,"column":6},"end":{"line":66,"column":8}},"16":{"start":{"line":68,"column":4},"end":{"line":68,"column":33}},"17":{"start":{"line":71,"column":4},"end":{"line":71,"column":51}},"18":{"start":{"line":72,"column":4},"end":{"line":74,"column":7}},"19":{"start":{"line":78,"column":22},"end":{"line":78,"column":32}},"20":{"start":{"line":80,"column":4},"end":{"line":139,"column":5}},"21":{"start":{"line":82,"column":21},"end":{"line":82,"column":57}},"22":{"start":{"line":85,"column":46},"end":{"line":85,"column":48}},"23":{"start":{"line":86,"column":6},"end":{"line":94,"column":7}},"24":{"start":{"line":86,"column":19},"end":{"line":86,"column":20}},"25":{"start":{"line":87,"column":27},"end":{"line":91,"column":null}},"26":{"start":{"line":93,"column":8},"end":{"line":93,"column":40}},"27":{"start":{"line":97,"column":20},"end":{"line":99,"column":null}},"28":{"start":{"line":103,"column":25},"end":{"line":106,"column":8}},"29":{"start":{"line":104,"column":26},"end":{"line":104,"column":58}},"30":{"start":{"line":105,"column":8},"end":{"line":105,"column":44}},"31":{"start":{"line":109,"column":47},"end":{"line":109,"column":49}},"32":{"start":{"line":110,"column":6},"end":{"line":117,"column":7}},"33":{"start":{"line":111,"column":23},"end":{"line":111,"column":41}},"34":{"start":{"line":112,"column":8},"end":{"line":116,"column":9}},"35":{"start":{"line":113,"column":10},"end":{"line":113,"column":37}},"36":{"start":{"line":115,"column":10},"end":{"line":115,"column":83}},"37":{"start":{"line":120,"column":30},"end":{"line":120,"column":87}},"38":{"start":{"line":122,"column":24},"end":{"line":122,"column":46}},"39":{"start":{"line":124,"column":6},"end":{"line":128,"column":8}},"40":{"start":{"line":130,"column":24},"end":{"line":130,"column":46}},"41":{"start":{"line":131,"column":27},"end":{"line":131,"column":81}},"42":{"start":{"line":133,"column":6},"end":{"line":138,"column":8}},"43":{"start":{"line":151,"column":23},"end":{"line":151,"column":83}},"44":{"start":{"line":153,"column":19},"end":{"line":182,"column":8}},"45":{"start":{"line":184,"column":20},"end":{"line":193,"column":6}},"46":{"start":{"line":196,"column":4},"end":{"line":201,"column":5}},"47":{"start":{"line":197,"column":6},"end":{"line":199,"column":8}},"48":{"start":{"line":200,"column":6},"end":{"line":200,"column":16}},"49":{"start":{"line":204,"column":6},"end":{"line":204,"column":71}},"50":{"start":{"line":207,"column":4},"end":{"line":233,"column":5}},"51":{"start":{"line":208,"column":24},"end":{"line":208,"column":57}},"52":{"start":{"line":209,"column":6},"end":{"line":214,"column":7}},"53":{"start":{"line":210,"column":8},"end":{"line":212,"column":10}},"54":{"start":{"line":213,"column":8},"end":{"line":213,"column":18}},"55":{"start":{"line":216,"column":23},"end":{"line":216,"column":69}},"56":{"start":{"line":219,"column":6},"end":{"line":226,"column":9}},"57":{"start":{"line":220,"column":8},"end":{"line":225,"column":10}},"58":{"start":{"line":228,"column":6},"end":{"line":231,"column":8}},"59":{"start":{"line":232,"column":6},"end":{"line":232,"column":16}},"60":{"start":{"line":243,"column":4},"end":{"line":255,"column":8}},"61":{"start":{"line":243,"column":34},"end":{"line":255,"column":6}},"62":{"start":{"line":262,"column":4},"end":{"line":264,"column":5}},"63":{"start":{"line":263,"column":6},"end":{"line":263,"column":20}},"64":{"start":{"line":266,"column":29},"end":{"line":266,"column":31}},"65":{"start":{"line":267,"column":20},"end":{"line":267,"column":24}},"66":{"start":{"line":269,"column":4},"end":{"line":280,"column":5}},"67":{"start":{"line":270,"column":18},"end":{"line":270,"column":57}},"68":{"start":{"line":273,"column":25},"end":{"line":273,"column":47}},"69":{"start":{"line":274,"column":6},"end":{"line":276,"column":7}},"70":{"start":{"line":275,"column":8},"end":{"line":275,"column":51}},"71":{"start":{"line":278,"column":6},"end":{"line":278,"column":32}},"72":{"start":{"line":279,"column":6},"end":{"line":279,"column":59}},"73":{"start":{"line":282,"column":4},"end":{"line":282,"column":18}},"74":{"start":{"line":293,"column":36},"end":{"line":296,"column":6}},"75":{"start":{"line":298,"column":45},"end":{"line":298,"column":47}},"76":{"start":{"line":300,"column":4},"end":{"line":328,"column":5}},"77":{"start":{"line":302,"column":30},"end":{"line":302,"column":70}},"78":{"start":{"line":305,"column":52},"end":{"line":305,"column":67}},"79":{"start":{"line":306,"column":6},"end":{"line":320,"column":7}},"80":{"start":{"line":307,"column":8},"end":{"line":319,"column":9}},"81":{"start":{"line":308,"column":10},"end":{"line":312,"column":12}},"82":{"start":{"line":315,"column":10},"end":{"line":318,"column":12}},"83":{"start":{"line":323,"column":6},"end":{"line":327,"column":9}},"84":{"start":{"line":330,"column":4},"end":{"line":330,"column":27}},"85":{"start":{"line":338,"column":4},"end":{"line":363,"column":5}},"86":{"start":{"line":339,"column":6},"end":{"line":342,"column":7}},"87":{"start":{"line":340,"column":8},"end":{"line":340,"column":75}},"88":{"start":{"line":341,"column":8},"end":{"line":341,"column":15}},"89":{"start":{"line":344,"column":24},"end":{"line":344,"column":59}},"90":{"start":{"line":345,"column":21},"end":{"line":345,"column":42}},"91":{"start":{"line":348,"column":6},"end":{"line":357,"column":7}},"92":{"start":{"line":349,"column":30},"end":{"line":349,"column":67}},"93":{"start":{"line":350,"column":8},"end":{"line":356,"column":9}},"94":{"start":{"line":354,"column":10},"end":{"line":354,"column":63}},"95":{"start":{"line":355,"column":10},"end":{"line":355,"column":92}},"96":{"start":{"line":359,"column":6},"end":{"line":362,"column":8}},"97":{"start":{"line":371,"column":4},"end":{"line":396,"column":5}},"98":{"start":{"line":372,"column":18},"end":{"line":372,"column":41}},"99":{"start":{"line":373,"column":6},"end":{"line":375,"column":7}},"100":{"start":{"line":374,"column":8},"end":{"line":374,"column":47}},"101":{"start":{"line":377,"column":28},"end":{"line":377,"column":65}},"102":{"start":{"line":378,"column":29},"end":{"line":378,"column":31}},"103":{"start":{"line":381,"column":6},"end":{"line":387,"column":7}},"104":{"start":{"line":385,"column":24},"end":{"line":385,"column":53}},"105":{"start":{"line":386,"column":8},"end":{"line":386,"column":41}},"106":{"start":{"line":389,"column":6},"end":{"line":389,"column":70}},"107":{"start":{"line":390,"column":6},"end":{"line":390,"column":60}},"108":{"start":{"line":392,"column":6},"end":{"line":395,"column":8}},"109":{"start":{"line":408,"column":26},"end":{"line":408,"column":63}},"110":{"start":{"line":410,"column":6},"end":{"line":412,"column":12}},"111":{"start":{"line":414,"column":4},"end":{"line":419,"column":6}},"112":{"start":{"line":32,"column":0},"end":{"line":32,"column":13}},"113":{"start":{"line":430,"column":18},"end":{"line":430,"column":50}},"114":{"start":{"line":431,"column":41},"end":{"line":431,"column":43}},"115":{"start":{"line":434,"column":2},"end":{"line":445,"column":3}},"116":{"start":{"line":434,"column":15},"end":{"line":434,"column":16}},"117":{"start":{"line":435,"column":18},"end":{"line":435,"column":52}},"118":{"start":{"line":436,"column":25},"end":{"line":437,"column":null}},"119":{"start":{"line":437,"column":23},"end":{"line":437,"column":48}},"120":{"start":{"line":439,"column":4},"end":{"line":439,"column":34}},"121":{"start":{"line":442,"column":4},"end":{"line":444,"column":5}},"122":{"start":{"line":443,"column":6},"end":{"line":443,"column":62}},"123":{"start":{"line":443,"column":35},"end":{"line":443,"column":60}},"124":{"start":{"line":447,"column":2},"end":{"line":447,"column":17}}},"fnMap":{"0":{"name":"(anonymous_1)","decl":{"start":{"line":51,"column":2},"end":{"line":51,"column":null}},"loc":{"start":{"line":55,"column":50},"end":{"line":75,"column":3}}},"1":{"name":"(anonymous_2)","decl":{"start":{"line":77,"column":2},"end":{"line":77,"column":7}},"loc":{"start":{"line":77,"column":51},"end":{"line":140,"column":3}}},"2":{"name":"(anonymous_3)","decl":{"start":{"line":103,"column":38},"end":{"line":103,"column":42}},"loc":{"start":{"line":103,"column":45},"end":{"line":106,"column":7}}},"3":{"name":"(anonymous_4)","decl":{"start":{"line":145,"column":10},"end":{"line":145,"column":15}},"loc":{"start":{"line":149,"column":23},"end":{"line":234,"column":3}}},"4":{"name":"(anonymous_5)","decl":{"start":{"line":219,"column":29},"end":{"line":219,"column":33}},"loc":{"start":{"line":219,"column":36},"end":{"line":226,"column":7}}},"5":{"name":"(anonymous_6)","decl":{"start":{"line":239,"column":10},"end":{"line":239,"column":33}},"loc":{"start":{"line":241,"column":32},"end":{"line":256,"column":3}}},"6":{"name":"(anonymous_7)","decl":{"start":{"line":243,"column":24},"end":{"line":243,"column":25}},"loc":{"start":{"line":243,"column":34},"end":{"line":255,"column":6}}},"7":{"name":"(anonymous_8)","decl":{"start":{"line":261,"column":10},"end":{"line":261,"column":22}},"loc":{"start":{"line":261,"column":35},"end":{"line":283,"column":3}}},"8":{"name":"(anonymous_9)","decl":{"start":{"line":289,"column":10},"end":{"line":289,"column":15}},"loc":{"start":{"line":291,"column":34},"end":{"line":331,"column":3}}},"9":{"name":"(anonymous_10)","decl":{"start":{"line":337,"column":2},"end":{"line":337,"column":7}},"loc":{"start":{"line":337,"column":44},"end":{"line":364,"column":3}}},"10":{"name":"(anonymous_11)","decl":{"start":{"line":370,"column":2},"end":{"line":370,"column":7}},"loc":{"start":{"line":370,"column":44},"end":{"line":397,"column":3}}},"11":{"name":"(anonymous_12)","decl":{"start":{"line":402,"column":2},"end":{"line":402,"column":18}},"loc":{"start":{"line":402,"column":18},"end":{"line":420,"column":3}}},"12":{"name":"extractFactsBatch","decl":{"start":{"line":426,"column":22},"end":{"line":426,"column":39}},"loc":{"start":{"line":428,"column":25},"end":{"line":448,"column":1}}},"13":{"name":"(anonymous_14)","decl":{"start":{"line":437,"column":16},"end":{"line":437,"column":19}},"loc":{"start":{"line":437,"column":23},"end":{"line":437,"column":48}}},"14":{"name":"(anonymous_15)","decl":{"start":{"line":443,"column":24},"end":{"line":443,"column":31}},"loc":{"start":{"line":443,"column":35},"end":{"line":443,"column":60}}}},"branchMap":{"0":{"loc":{"start":{"line":58,"column":14},"end":{"line":58,"column":53}},"type":"binary-expr","locations":[{"start":{"line":58,"column":14},"end":{"line":58,"column":20}},{"start":{"line":58,"column":24},"end":{"line":58,"column":53}}]},"1":{"loc":{"start":{"line":62,"column":28},"end":{"line":62,"column":83}},"type":"binary-expr","locations":[{"start":{"line":62,"column":28},"end":{"line":62,"column":33}},{"start":{"line":62,"column":37},"end":{"line":62,"column":61}},{"start":{"line":62,"column":65},"end":{"line":62,"column":83}}]},"2":{"loc":{"start":{"line":63,"column":4},"end":{"line":67,"column":5}},"type":"if","locations":[{"start":{"line":63,"column":4},"end":{"line":67,"column":5}}]},"3":{"loc":{"start":{"line":73,"column":13},"end":{"line":73,"column":69}},"type":"binary-expr","locations":[{"start":{"line":73,"column":13},"end":{"line":73,"column":32}},{"start":{"line":73,"column":36},"end":{"line":73,"column":69}}]},"4":{"loc":{"start":{"line":112,"column":8},"end":{"line":116,"column":9}},"type":"if","locations":[{"start":{"line":112,"column":8},"end":{"line":116,"column":9}},{"start":{"line":114,"column":15},"end":{"line":116,"column":9}}]},"5":{"loc":{"start":{"line":131,"column":27},"end":{"line":131,"column":81}},"type":"cond-expr","locations":[{"start":{"line":131,"column":52},"end":{"line":131,"column":65}},{"start":{"line":131,"column":68},"end":{"line":131,"column":81}}]},"6":{"loc":{"start":{"line":151,"column":23},"end":{"line":151,"column":83}},"type":"cond-expr","locations":[{"start":{"line":151,"column":41},"end":{"line":151,"column":78}},{"start":{"line":151,"column":81},"end":{"line":151,"column":83}}]},"7":{"loc":{"start":{"line":196,"column":4},"end":{"line":201,"column":5}},"type":"if","locations":[{"start":{"line":196,"column":4},"end":{"line":201,"column":5}}]},"8":{"loc":{"start":{"line":196,"column":8},"end":{"line":196,"column":47}},"type":"binary-expr","locations":[{"start":{"line":196,"column":8},"end":{"line":196,"column":24}},{"start":{"line":196,"column":28},"end":{"line":196,"column":47}}]},"9":{"loc":{"start":{"line":204,"column":6},"end":{"line":204,"column":71}},"type":"cond-expr","locations":[{"start":{"line":204,"column":43},"end":{"line":204,"column":66}},{"start":{"line":204,"column":69},"end":{"line":204,"column":71}}]},"10":{"loc":{"start":{"line":209,"column":6},"end":{"line":214,"column":7}},"type":"if","locations":[{"start":{"line":209,"column":6},"end":{"line":214,"column":7}}]},"11":{"loc":{"start":{"line":221,"column":10},"end":{"line":224,"column":45}},"type":"binary-expr","locations":[{"start":{"line":221,"column":10},"end":{"line":221,"column":22}},{"start":{"line":222,"column":10},"end":{"line":222,"column":42}},{"start":{"line":223,"column":10},"end":{"line":223,"column":19}},{"start":{"line":224,"column":10},"end":{"line":224,"column":45}}]},"12":{"loc":{"start":{"line":262,"column":4},"end":{"line":264,"column":5}},"type":"if","locations":[{"start":{"line":262,"column":4},"end":{"line":264,"column":5}}]},"13":{"loc":{"start":{"line":274,"column":6},"end":{"line":276,"column":7}},"type":"if","locations":[{"start":{"line":274,"column":6},"end":{"line":276,"column":7}}]},"14":{"loc":{"start":{"line":306,"column":6},"end":{"line":320,"column":7}},"type":"if","locations":[{"start":{"line":306,"column":6},"end":{"line":320,"column":7}}]},"15":{"loc":{"start":{"line":317,"column":12},"end":{"line":317,"column":66}},"type":"cond-expr","locations":[{"start":{"line":317,"column":37},"end":{"line":317,"column":50}},{"start":{"line":317,"column":53},"end":{"line":317,"column":66}}]},"16":{"loc":{"start":{"line":339,"column":6},"end":{"line":342,"column":7}},"type":"if","locations":[{"start":{"line":339,"column":6},"end":{"line":342,"column":7}}]},"17":{"loc":{"start":{"line":348,"column":6},"end":{"line":357,"column":7}},"type":"if","locations":[{"start":{"line":348,"column":6},"end":{"line":357,"column":7}}]},"18":{"loc":{"start":{"line":348,"column":10},"end":{"line":348,"column":67}},"type":"binary-expr","locations":[{"start":{"line":348,"column":10},"end":{"line":348,"column":25}},{"start":{"line":348,"column":29},"end":{"line":348,"column":67}}]},"19":{"loc":{"start":{"line":350,"column":8},"end":{"line":356,"column":9}},"type":"if","locations":[{"start":{"line":350,"column":8},"end":{"line":356,"column":9}}]},"20":{"loc":{"start":{"line":351,"column":10},"end":{"line":352,"column":59}},"type":"binary-expr","locations":[{"start":{"line":351,"column":10},"end":{"line":351,"column":23}},{"start":{"line":352,"column":10},"end":{"line":352,"column":59}}]},"21":{"loc":{"start":{"line":361,"column":8},"end":{"line":361,"column":62}},"type":"cond-expr","locations":[{"start":{"line":361,"column":33},"end":{"line":361,"column":46}},{"start":{"line":361,"column":49},"end":{"line":361,"column":62}}]},"22":{"loc":{"start":{"line":373,"column":6},"end":{"line":375,"column":7}},"type":"if","locations":[{"start":{"line":373,"column":6},"end":{"line":375,"column":7}}]},"23":{"loc":{"start":{"line":381,"column":6},"end":{"line":387,"column":7}},"type":"if","locations":[{"start":{"line":381,"column":6},"end":{"line":387,"column":7}}]},"24":{"loc":{"start":{"line":382,"column":8},"end":{"line":383,"column":57}},"type":"binary-expr","locations":[{"start":{"line":382,"column":8},"end":{"line":382,"column":21}},{"start":{"line":383,"column":8},"end":{"line":383,"column":57}}]},"25":{"loc":{"start":{"line":394,"column":8},"end":{"line":394,"column":62}},"type":"cond-expr","locations":[{"start":{"line":394,"column":33},"end":{"line":394,"column":46}},{"start":{"line":394,"column":49},"end":{"line":394,"column":62}}]},"26":{"loc":{"start":{"line":410,"column":6},"end":{"line":412,"column":12}},"type":"cond-expr","locations":[{"start":{"line":411,"column":10},"end":{"line":411,"column":39}},{"start":{"line":412,"column":10},"end":{"line":412,"column":12}}]},"27":{"loc":{"start":{"line":410,"column":6},"end":{"line":410,"column":72}},"type":"binary-expr","locations":[{"start":{"line":410,"column":6},"end":{"line":410,"column":19}},{"start":{"line":410,"column":23},"end":{"line":410,"column":72}}]},"28":{"loc":{"start":{"line":428,"column":2},"end":{"line":428,"column":25}},"type":"default-arg","locations":[{"start":{"line":428,"column":24},"end":{"line":428,"column":25}}]},"29":{"loc":{"start":{"line":442,"column":4},"end":{"line":444,"column":5}},"type":"if","locations":[{"start":{"line":442,"column":4},"end":{"line":444,"column":5}}]}},"s":{"0":1,"1":1,"2":1,"3":1,"4":1,"5":1,"6":1,"7":1,"8":1,"9":1,"10":1,"11":1,"12":1,"13":1,"14":1,"15":0,"16":1,"17":1,"18":1,"19":0,"20":0,"21":0,"22":0,"23":0,"24":0,"25":0,"26":0,"27":0,"28":0,"29":0,"30":0,"31":0,"32":0,"33":0,"34":0,"35":0,"36":0,"37":0,"38":0,"39":0,"40":0,"41":0,"42":0,"43":0,"44":0,"45":0,"46":0,"47":0,"48":0,"49":0,"50":0,"51":0,"52":0,"53":0,"54":0,"55":0,"56":0,"57":0,"58":0,"59":0,"60":0,"61":0,"62":0,"63":0,"64":0,"65":0,"66":0,"67":0,"68":0,"69":0,"70":0,"71":0,"72":0,"73":0,"74":0,"75":0,"76":0,"77":0,"78":0,"79":0,"80":0,"81":0,"82":0,"83":0,"84":0,"85":0,"86":0,"87":0,"88":0,"89":0,"90":0,"91":0,"92":0,"93":0,"94":0,"95":0,"96":0,"97":0,"98":0,"99":0,"100":0,"101":0,"102":0,"103":0,"104":0,"105":0,"106":0,"107":0,"108":0,"109":0,"110":0,"111":0,"112":1,"113":0,"114":0,"115":0,"116":0,"117":0,"118":0,"119":0,"120":0,"121":0,"122":0,"123":0,"124":0},"f":{"0":1,"1":0,"2":0,"3":0,"4":0,"5":0,"6":0,"7":0,"8":0,"9":0,"10":0,"11":0,"12":0,"13":0,"14":0},"b":{"0":[1,1],"1":[1,1,1],"2":[0],"3":[1,1],"4":[0,0],"5":[0,0],"6":[0,0],"7":[0],"8":[0,0],"9":[0,0],"10":[0],"11":[0,0,0,0],"12":[0],"13":[0],"14":[0],"15":[0,0],"16":[0],"17":[0],"18":[0,0],"19":[0],"20":[0,0],"21":[0,0],"22":[0],"23":[0],"24":[0,0],"25":[0,0],"26":[0,0],"27":[0,0],"28":[0],"29":[0]}}
,"/Users/rafalciesielski/Developer/ChiefofStaff/src/business-logic/knowledge-store.ts": {"path":"/Users/rafalciesielski/Developer/ChiefofStaff/src/business-logic/knowledge-store.ts","statementMap":{"0":{"start":{"line":282,"column":0},"end":{"line":282,"column":16}},"1":{"start":{"line":289,"column":0},"end":{"line":289,"column":16}},"2":{"start":{"line":7,"column":0},"end":{"line":7,"column":34}},"3":{"start":{"line":8,"column":0},"end":{"line":8,"column":29}},"4":{"start":{"line":9,"column":0},"end":{"line":9,"column":29}},"5":{"start":{"line":10,"column":0},"end":{"line":10,"column":36}},"6":{"start":{"line":19,"column":19},"end":{"line":19,"column":43}},"7":{"start":{"line":22,"column":4},"end":{"line":22,"column":29}},"8":{"start":{"line":23,"column":4},"end":{"line":23,"column":43}},"9":{"start":{"line":28,"column":4},"end":{"line":28,"column":29}},"10":{"start":{"line":30,"column":4},"end":{"line":68,"column":5}},"11":{"start":{"line":32,"column":18},"end":{"line":32,"column":45}},"12":{"start":{"line":33,"column":6},"end":{"line":33,"column":47}},"13":{"start":{"line":36,"column":29},"end":{"line":36,"column":52}},"14":{"start":{"line":38,"column":19},"end":{"line":38,"column":20}},"15":{"start":{"line":39,"column":25},"end":{"line":39,"column":26}},"16":{"start":{"line":40,"column":33},"end":{"line":40,"column":35}},"17":{"start":{"line":42,"column":6},"end":{"line":53,"column":7}},"18":{"start":{"line":43,"column":21},"end":{"line":43,"column":51}},"19":{"start":{"line":45,"column":8},"end":{"line":48,"column":9}},"20":{"start":{"line":46,"column":10},"end":{"line":46,"column":25}},"21":{"start":{"line":47,"column":10},"end":{"line":47,"column":19}},"22":{"start":{"line":50,"column":8},"end":{"line":50,"column":44}},"23":{"start":{"line":51,"column":8},"end":{"line":51,"column":17}},"24":{"start":{"line":52,"column":8},"end":{"line":52,"column":33}},"25":{"start":{"line":56,"column":6},"end":{"line":59,"column":7}},"26":{"start":{"line":57,"column":24},"end":{"line":57,"column":50}},"27":{"start":{"line":58,"column":8},"end":{"line":58,"column":61}},"28":{"start":{"line":61,"column":6},"end":{"line":61,"column":38}},"29":{"start":{"line":63,"column":18},"end":{"line":63,"column":72}},"30":{"start":{"line":64,"column":6},"end":{"line":64,"column":65}},"31":{"start":{"line":67,"column":6},"end":{"line":67,"column":31}},"32":{"start":{"line":72,"column":4},"end":{"line":97,"column":5}},"33":{"start":{"line":73,"column":6},"end":{"line":75,"column":7}},"34":{"start":{"line":74,"column":8},"end":{"line":74,"column":18}},"35":{"start":{"line":77,"column":22},"end":{"line":77,"column":63}},"36":{"start":{"line":78,"column":6},"end":{"line":80,"column":7}},"37":{"start":{"line":79,"column":8},"end":{"line":79,"column":18}},"38":{"start":{"line":82,"column":37},"end":{"line":82,"column":39}},"39":{"start":{"line":83,"column":6},"end":{"line":91,"column":7}},"40":{"start":{"line":84,"column":8},"end":{"line":90,"column":9}},"41":{"start":{"line":85,"column":10},"end":{"line":89,"column":11}},"42":{"start":{"line":86,"column":12},"end":{"line":86,"column":41}},"43":{"start":{"line":88,"column":12},"end":{"line":88,"column":84}},"44":{"start":{"line":93,"column":6},"end":{"line":93,"column":19}},"45":{"start":{"line":95,"column":18},"end":{"line":95,"column":72}},"46":{"start":{"line":96,"column":6},"end":{"line":96,"column":65}},"47":{"start":{"line":104,"column":21},"end":{"line":104,"column":41}},"48":{"start":{"line":105,"column":4},"end":{"line":105,"column":60}},"49":{"start":{"line":105,"column":32},"end":{"line":105,"column":58}},"50":{"start":{"line":112,"column":21},"end":{"line":112,"column":41}},"51":{"start":{"line":113,"column":4},"end":{"line":113,"column":49}},"52":{"start":{"line":113,"column":32},"end":{"line":113,"column":47}},"53":{"start":{"line":120,"column":21},"end":{"line":120,"column":41}},"54":{"start":{"line":121,"column":4},"end":{"line":121,"column":63}},"55":{"start":{"line":121,"column":32},"end":{"line":121,"column":61}},"56":{"start":{"line":128,"column":21},"end":{"line":128,"column":41}},"57":{"start":{"line":129,"column":4},"end":{"line":129,"column":27}},"58":{"start":{"line":141,"column":18},"end":{"line":141,"column":38}},"59":{"start":{"line":143,"column":43},"end":{"line":143,"column":45}},"60":{"start":{"line":144,"column":45},"end":{"line":144,"column":47}},"61":{"start":{"line":145,"column":26},"end":{"line":145,"column":27}},"62":{"start":{"line":147,"column":4},"end":{"line":151,"column":5}},"63":{"start":{"line":148,"column":6},"end":{"line":148,"column":55}},"64":{"start":{"line":149,"column":6},"end":{"line":149,"column":63}},"65":{"start":{"line":150,"column":6},"end":{"line":150,"column":41}},"66":{"start":{"line":153,"column":4},"end":{"line":158,"column":6}},"67":{"start":{"line":165,"column":4},"end":{"line":169,"column":5}},"68":{"start":{"line":166,"column":6},"end":{"line":166,"column":37}},"69":{"start":{"line":176,"column":4},"end":{"line":207,"column":5}},"70":{"start":{"line":177,"column":6},"end":{"line":179,"column":7}},"71":{"start":{"line":178,"column":8},"end":{"line":178,"column":25}},"72":{"start":{"line":181,"column":22},"end":{"line":181,"column":63}},"73":{"start":{"line":182,"column":6},"end":{"line":184,"column":7}},"74":{"start":{"line":183,"column":8},"end":{"line":183,"column":25}},"75":{"start":{"line":186,"column":21},"end":{"line":186,"column":38}},"76":{"start":{"line":187,"column":6},"end":{"line":197,"column":7}},"77":{"start":{"line":188,"column":8},"end":{"line":196,"column":9}},"78":{"start":{"line":189,"column":10},"end":{"line":195,"column":11}},"79":{"start":{"line":190,"column":25},"end":{"line":190,"column":58}},"80":{"start":{"line":191,"column":25},"end":{"line":191,"column":55}},"81":{"start":{"line":192,"column":12},"end":{"line":192,"column":29}},"82":{"start":{"line":199,"column":6},"end":{"line":199,"column":20}},"83":{"start":{"line":201,"column":6},"end":{"line":204,"column":7}},"84":{"start":{"line":203,"column":8},"end":{"line":203,"column":25}},"85":{"start":{"line":206,"column":6},"end":{"line":206,"column":18}},"86":{"start":{"line":214,"column":23},"end":{"line":217,"column":27}},"87":{"start":{"line":218,"column":4},"end":{"line":218,"column":62}},"88":{"start":{"line":222,"column":22},"end":{"line":222,"column":32}},"89":{"start":{"line":224,"column":4},"end":{"line":256,"column":5}},"90":{"start":{"line":225,"column":6},"end":{"line":255,"column":7}},"91":{"start":{"line":227,"column":19},"end":{"line":227,"column":133}},"92":{"start":{"line":228,"column":8},"end":{"line":228,"column":29}},"93":{"start":{"line":229,"column":8},"end":{"line":229,"column":15}},"94":{"start":{"line":231,"column":8},"end":{"line":233,"column":9}},"95":{"start":{"line":232,"column":10},"end":{"line":232,"column":22}},"96":{"start":{"line":236,"column":8},"end":{"line":247,"column":9}},"97":{"start":{"line":237,"column":24},"end":{"line":237,"column":56}},"98":{"start":{"line":238,"column":26},"end":{"line":238,"column":52}},"99":{"start":{"line":240,"column":10},"end":{"line":244,"column":11}},"100":{"start":{"line":242,"column":12},"end":{"line":242,"column":47}},"101":{"start":{"line":243,"column":12},"end":{"line":243,"column":21}},"102":{"start":{"line":250,"column":8},"end":{"line":252,"column":9}},"103":{"start":{"line":251,"column":10},"end":{"line":251,"column":104}},"104":{"start":{"line":254,"column":8},"end":{"line":254,"column":29}},"105":{"start":{"line":260,"column":4},"end":{"line":266,"column":5}},"106":{"start":{"line":261,"column":6},"end":{"line":261,"column":41}},"107":{"start":{"line":263,"column":6},"end":{"line":265,"column":7}},"108":{"start":{"line":264,"column":8},"end":{"line":264,"column":57}},"109":{"start":{"line":273,"column":4},"end":{"line":273,"column":59}},"110":{"start":{"line":273,"column":34},"end":{"line":273,"column":57}},"111":{"start":{"line":16,"column":0},"end":{"line":16,"column":13}},"112":{"start":{"line":280,"column":36},"end":{"line":280,"column":40}},"113":{"start":{"line":283,"column":2},"end":{"line":285,"column":3}},"114":{"start":{"line":284,"column":4},"end":{"line":284,"column":42}},"115":{"start":{"line":286,"column":2},"end":{"line":286,"column":21}},"116":{"start":{"line":290,"column":2},"end":{"line":290,"column":21}}},"fnMap":{"0":{"name":"(anonymous_9)","decl":{"start":{"line":21,"column":2},"end":{"line":21,"column":14}},"loc":{"start":{"line":21,"column":62},"end":{"line":24,"column":3}}},"1":{"name":"(anonymous_10)","decl":{"start":{"line":26,"column":2},"end":{"line":26,"column":7}},"loc":{"start":{"line":26,"column":37},"end":{"line":69,"column":3}}},"2":{"name":"(anonymous_11)","decl":{"start":{"line":71,"column":2},"end":{"line":71,"column":7}},"loc":{"start":{"line":71,"column":15},"end":{"line":98,"column":3}}},"3":{"name":"(anonymous_12)","decl":{"start":{"line":103,"column":2},"end":{"line":103,"column":7}},"loc":{"start":{"line":103,"column":40},"end":{"line":106,"column":3}}},"4":{"name":"(anonymous_13)","decl":{"start":{"line":105,"column":27},"end":{"line":105,"column":28}},"loc":{"start":{"line":105,"column":32},"end":{"line":105,"column":58}}},"5":{"name":"(anonymous_14)","decl":{"start":{"line":111,"column":2},"end":{"line":111,"column":7}},"loc":{"start":{"line":111,"column":30},"end":{"line":114,"column":3}}},"6":{"name":"(anonymous_15)","decl":{"start":{"line":113,"column":27},"end":{"line":113,"column":28}},"loc":{"start":{"line":113,"column":32},"end":{"line":113,"column":47}}},"7":{"name":"(anonymous_16)","decl":{"start":{"line":119,"column":2},"end":{"line":119,"column":7}},"loc":{"start":{"line":119,"column":48},"end":{"line":122,"column":3}}},"8":{"name":"(anonymous_17)","decl":{"start":{"line":121,"column":27},"end":{"line":121,"column":28}},"loc":{"start":{"line":121,"column":32},"end":{"line":121,"column":61}}},"9":{"name":"(anonymous_18)","decl":{"start":{"line":127,"column":2},"end":{"line":127,"column":7}},"loc":{"start":{"line":127,"column":13},"end":{"line":130,"column":3}}},"10":{"name":"(anonymous_19)","decl":{"start":{"line":135,"column":2},"end":{"line":135,"column":7}},"loc":{"start":{"line":135,"column":16},"end":{"line":159,"column":3}}},"11":{"name":"(anonymous_20)","decl":{"start":{"line":164,"column":2},"end":{"line":164,"column":7}},"loc":{"start":{"line":164,"column":13},"end":{"line":170,"column":3}}},"12":{"name":"(anonymous_21)","decl":{"start":{"line":175,"column":10},"end":{"line":175,"column":15}},"loc":{"start":{"line":175,"column":26},"end":{"line":208,"column":3}}},"13":{"name":"(anonymous_22)","decl":{"start":{"line":213,"column":10},"end":{"line":213,"column":21}},"loc":{"start":{"line":213,"column":37},"end":{"line":219,"column":3}}},"14":{"name":"(anonymous_23)","decl":{"start":{"line":221,"column":10},"end":{"line":221,"column":15}},"loc":{"start":{"line":221,"column":27},"end":{"line":257,"column":3}}},"15":{"name":"(anonymous_24)","decl":{"start":{"line":259,"column":10},"end":{"line":259,"column":15}},"loc":{"start":{"line":259,"column":27},"end":{"line":267,"column":3}}},"16":{"name":"(anonymous_25)","decl":{"start":{"line":272,"column":10},"end":{"line":272,"column":15}},"loc":{"start":{"line":272,"column":26},"end":{"line":274,"column":3}}},"17":{"name":"(anonymous_26)","decl":{"start":{"line":273,"column":23},"end":{"line":273,"column":30}},"loc":{"start":{"line":273,"column":34},"end":{"line":273,"column":57}}},"18":{"name":"getFactStore","decl":{"start":{"line":282,"column":16},"end":{"line":282,"column":28}},"loc":{"start":{"line":282,"column":46},"end":{"line":287,"column":1}}},"19":{"name":"resetFactStore","decl":{"start":{"line":289,"column":16},"end":{"line":289,"column":30}},"loc":{"start":{"line":289,"column":30},"end":{"line":291,"column":1}}}},"branchMap":{"0":{"loc":{"start":{"line":21,"column":14},"end":{"line":21,"column":62}},"type":"default-arg","locations":[{"start":{"line":21,"column":33},"end":{"line":21,"column":62}}]},"1":{"loc":{"start":{"line":45,"column":8},"end":{"line":48,"column":9}},"type":"if","locations":[{"start":{"line":45,"column":8},"end":{"line":48,"column":9}}]},"2":{"loc":{"start":{"line":56,"column":6},"end":{"line":59,"column":7}},"type":"if","locations":[{"start":{"line":56,"column":6},"end":{"line":59,"column":7}}]},"3":{"loc":{"start":{"line":63,"column":18},"end":{"line":63,"column":72}},"type":"cond-expr","locations":[{"start":{"line":63,"column":43},"end":{"line":63,"column":56}},{"start":{"line":63,"column":59},"end":{"line":63,"column":72}}]},"4":{"loc":{"start":{"line":73,"column":6},"end":{"line":75,"column":7}},"type":"if","locations":[{"start":{"line":73,"column":6},"end":{"line":75,"column":7}}]},"5":{"loc":{"start":{"line":78,"column":6},"end":{"line":80,"column":7}},"type":"if","locations":[{"start":{"line":78,"column":6},"end":{"line":80,"column":7}}]},"6":{"loc":{"start":{"line":84,"column":8},"end":{"line":90,"column":9}},"type":"if","locations":[{"start":{"line":84,"column":8},"end":{"line":90,"column":9}}]},"7":{"loc":{"start":{"line":95,"column":18},"end":{"line":95,"column":72}},"type":"cond-expr","locations":[{"start":{"line":95,"column":43},"end":{"line":95,"column":56}},{"start":{"line":95,"column":59},"end":{"line":95,"column":72}}]},"8":{"loc":{"start":{"line":148,"column":27},"end":{"line":148,"column":49}},"type":"binary-expr","locations":[{"start":{"line":148,"column":27},"end":{"line":148,"column":44}},{"start":{"line":148,"column":48},"end":{"line":148,"column":49}}]},"9":{"loc":{"start":{"line":149,"column":31},"end":{"line":149,"column":57}},"type":"binary-expr","locations":[{"start":{"line":149,"column":31},"end":{"line":149,"column":52}},{"start":{"line":149,"column":56},"end":{"line":149,"column":57}}]},"10":{"loc":{"start":{"line":156,"column":21},"end":{"line":156,"column":74}},"type":"cond-expr","locations":[{"start":{"line":156,"column":40},"end":{"line":156,"column":70}},{"start":{"line":156,"column":73},"end":{"line":156,"column":74}}]},"11":{"loc":{"start":{"line":177,"column":6},"end":{"line":179,"column":7}},"type":"if","locations":[{"start":{"line":177,"column":6},"end":{"line":179,"column":7}}]},"12":{"loc":{"start":{"line":182,"column":6},"end":{"line":184,"column":7}},"type":"if","locations":[{"start":{"line":182,"column":6},"end":{"line":184,"column":7}}]},"13":{"loc":{"start":{"line":188,"column":8},"end":{"line":196,"column":9}},"type":"if","locations":[{"start":{"line":188,"column":8},"end":{"line":196,"column":9}}]},"14":{"loc":{"start":{"line":201,"column":6},"end":{"line":204,"column":7}},"type":"if","locations":[{"start":{"line":201,"column":6},"end":{"line":204,"column":7}}]},"15":{"loc":{"start":{"line":231,"column":8},"end":{"line":233,"column":9}},"type":"if","locations":[{"start":{"line":231,"column":8},"end":{"line":233,"column":9}}]},"16":{"loc":{"start":{"line":240,"column":10},"end":{"line":244,"column":11}},"type":"if","locations":[{"start":{"line":240,"column":10},"end":{"line":244,"column":11}}]},"17":{"loc":{"start":{"line":250,"column":8},"end":{"line":252,"column":9}},"type":"if","locations":[{"start":{"line":250,"column":8},"end":{"line":252,"column":9}}]},"18":{"loc":{"start":{"line":263,"column":6},"end":{"line":265,"column":7}},"type":"if","locations":[{"start":{"line":263,"column":6},"end":{"line":265,"column":7}}]},"19":{"loc":{"start":{"line":283,"column":2},"end":{"line":285,"column":3}},"type":"if","locations":[{"start":{"line":283,"column":2},"end":{"line":285,"column":3}}]}},"s":{"0":2,"1":2,"2":2,"3":2,"4":2,"5":2,"6":25,"7":25,"8":25,"9":10,"10":10,"11":10,"12":10,"13":10,"14":10,"15":10,"16":10,"17":10,"18":23,"19":23,"20":3,"21":3,"22":20,"23":20,"24":20,"25":10,"26":9,"27":9,"28":10,"29":0,"30":0,"31":10,"32":23,"33":23,"34":0,"35":23,"36":23,"37":1,"38":22,"39":22,"40":129,"41":107,"42":107,"43":0,"44":22,"45":0,"46":0,"47":0,"48":0,"49":0,"50":0,"51":0,"52":0,"53":0,"54":0,"55":0,"56":0,"57":0,"58":2,"59":2,"60":2,"61":2,"62":2,"63":6,"64":6,"65":6,"66":2,"67":0,"68":0,"69":10,"70":10,"71":7,"72":3,"73":3,"74":0,"75":3,"76":3,"77":10,"78":7,"79":7,"80":7,"81":7,"82":3,"83":0,"84":0,"85":0,"86":30,"87":30,"88":10,"89":10,"90":10,"91":10,"92":10,"93":10,"94":0,"95":0,"96":0,"97":0,"98":0,"99":0,"100":0,"101":0,"102":0,"103":0,"104":0,"105":10,"106":10,"107":0,"108":0,"109":0,"110":0,"111":2,"112":2,"113":0,"114":0,"115":0,"116":0},"f":{"0":25,"1":10,"2":23,"3":0,"4":0,"5":0,"6":0,"7":0,"8":0,"9":0,"10":2,"11":0,"12":10,"13":30,"14":10,"15":10,"16":0,"17":0,"18":0,"19":0},"b":{"0":[0],"1":[3],"2":[9],"3":[0,0],"4":[0],"5":[1],"6":[107],"7":[0,0],"8":[6,2],"9":[6,2],"10":[2,0],"11":[7],"12":[0],"13":[7],"14":[0],"15":[0],"16":[0],"17":[0],"18":[0],"19":[0]}}
,"/Users/rafalciesielski/Developer/ChiefofStaff/src/business-logic/knowledge-types.ts": {"path":"/Users/rafalciesielski/Developer/ChiefofStaff/src/business-logic/knowledge-types.ts","statementMap":{"0":{"start":{"line":126,"column":0},"end":{"line":126,"column":16}},"1":{"start":{"line":139,"column":0},"end":{"line":139,"column":16}},"2":{"start":{"line":113,"column":13},"end":{"line":121,"column":2}},"3":{"start":{"line":127,"column":20},"end":{"line":127,"column":52}},"4":{"start":{"line":128,"column":2},"end":{"line":128,"column":38}},"5":{"start":{"line":140,"column":40},"end":{"line":140,"column":42}},"6":{"start":{"line":142,"column":2},"end":{"line":144,"column":3}},"7":{"start":{"line":143,"column":4},"end":{"line":143,"column":80}},"8":{"start":{"line":146,"column":2},"end":{"line":148,"column":3}},"9":{"start":{"line":147,"column":4},"end":{"line":147,"column":76}},"10":{"start":{"line":150,"column":2},"end":{"line":152,"column":3}},"11":{"start":{"line":151,"column":4},"end":{"line":151,"column":84}},"12":{"start":{"line":154,"column":2},"end":{"line":156,"column":3}},"13":{"start":{"line":155,"column":4},"end":{"line":155,"column":65}},"14":{"start":{"line":158,"column":2},"end":{"line":160,"column":3}},"15":{"start":{"line":159,"column":4},"end":{"line":159,"column":92}},"16":{"start":{"line":162,"column":2},"end":{"line":164,"column":3}},"17":{"start":{"line":163,"column":4},"end":{"line":163,"column":86}},"18":{"start":{"line":166,"column":2},"end":{"line":168,"column":3}},"19":{"start":{"line":167,"column":4},"end":{"line":167,"column":96}},"20":{"start":{"line":170,"column":2},"end":{"line":172,"column":3}},"21":{"start":{"line":171,"column":4},"end":{"line":171,"column":71}},"22":{"start":{"line":174,"column":2},"end":{"line":176,"column":3}},"23":{"start":{"line":175,"column":4},"end":{"line":175,"column":64}},"24":{"start":{"line":178,"column":2},"end":{"line":178,"column":16}}},"fnMap":{"0":{"name":"meetsConfidenceThreshold","decl":{"start":{"line":126,"column":16},"end":{"line":126,"column":40}},"loc":{"start":{"line":126,"column":60},"end":{"line":129,"column":1}}},"1":{"name":"validateFact","decl":{"start":{"line":139,"column":16},"end":{"line":139,"column":28}},"loc":{"start":{"line":139,"column":48},"end":{"line":179,"column":1}}}},"branchMap":{"0":{"loc":{"start":{"line":142,"column":2},"end":{"line":144,"column":3}},"type":"if","locations":[{"start":{"line":142,"column":2},"end":{"line":144,"column":3}}]},"1":{"loc":{"start":{"line":142,"column":6},"end":{"line":142,"column":38}},"type":"binary-expr","locations":[{"start":{"line":142,"column":6},"end":{"line":142,"column":14}},{"start":{"line":142,"column":18},"end":{"line":142,"column":38}}]},"2":{"loc":{"start":{"line":146,"column":2},"end":{"line":148,"column":3}},"type":"if","locations":[{"start":{"line":146,"column":2},"end":{"line":148,"column":3}}]},"3":{"loc":{"start":{"line":146,"column":6},"end":{"line":146,"column":54}},"type":"binary-expr","locations":[{"start":{"line":146,"column":6},"end":{"line":146,"column":22}},{"start":{"line":146,"column":26},"end":{"line":146,"column":54}}]},"4":{"loc":{"start":{"line":150,"column":2},"end":{"line":152,"column":3}},"type":"if","locations":[{"start":{"line":150,"column":2},"end":{"line":152,"column":3}}]},"5":{"loc":{"start":{"line":150,"column":6},"end":{"line":150,"column":76}},"type":"binary-expr","locations":[{"start":{"line":150,"column":6},"end":{"line":150,"column":19}},{"start":{"line":150,"column":23},"end":{"line":150,"column":47}},{"start":{"line":150,"column":51},"end":{"line":150,"column":76}}]},"6":{"loc":{"start":{"line":154,"column":2},"end":{"line":156,"column":3}},"type":"if","locations":[{"start":{"line":154,"column":2},"end":{"line":156,"column":3}}]},"7":{"loc":{"start":{"line":158,"column":2},"end":{"line":160,"column":3}},"type":"if","locations":[{"start":{"line":158,"column":2},"end":{"line":160,"column":3}}]},"8":{"loc":{"start":{"line":158,"column":6},"end":{"line":158,"column":48}},"type":"binary-expr","locations":[{"start":{"line":158,"column":6},"end":{"line":158,"column":25}},{"start":{"line":158,"column":29},"end":{"line":158,"column":48}}]},"9":{"loc":{"start":{"line":162,"column":2},"end":{"line":164,"column":3}},"type":"if","locations":[{"start":{"line":162,"column":2},"end":{"line":164,"column":3}}]},"10":{"loc":{"start":{"line":166,"column":2},"end":{"line":168,"column":3}},"type":"if","locations":[{"start":{"line":166,"column":2},"end":{"line":168,"column":3}}]},"11":{"loc":{"start":{"line":170,"column":2},"end":{"line":172,"column":3}},"type":"if","locations":[{"start":{"line":170,"column":2},"end":{"line":172,"column":3}}]},"12":{"loc":{"start":{"line":174,"column":2},"end":{"line":176,"column":3}},"type":"if","locations":[{"start":{"line":174,"column":2},"end":{"line":176,"column":3}}]}},"s":{"0":2,"1":2,"2":2,"3":0,"4":0,"5":14,"6":14,"7":2,"8":14,"9":0,"10":14,"11":2,"12":14,"13":2,"14":14,"15":1,"16":14,"17":0,"18":14,"19":1,"20":14,"21":1,"22":14,"23":0,"24":14},"f":{"0":0,"1":14},"b":{"0":[2],"1":[14,12],"2":[0],"3":[14,14],"4":[2],"5":[14,14,13],"6":[2],"7":[1],"8":[14,14],"9":[0],"10":[1],"11":[1],"12":[0]}}
}
