TN:
SF:src/business-logic/article-store.ts
FN:40,(anonymous_9)
FN:47,(anonymous_10)
FN:82,(anonymous_11)
FN:87,(anonymous_12)
FN:99,(anonymous_13)
FN:127,(anonymous_14)
FN:135,(anonymous_15)
FN:148,(anonymous_16)
FN:156,(anonymous_17)
FN:197,(anonymous_18)
FN:210,(anonymous_19)
FN:211,(anonymous_20)
FNF:12
FNH:2
FNDA:7,(anonymous_9)
FNDA:7,(anonymous_10)
FNDA:0,(anonymous_11)
FNDA:0,(anonymous_12)
FNDA:0,(anonymous_13)
FNDA:0,(anonymous_14)
FNDA:0,(anonymous_15)
FNDA:0,(anonymous_16)
FNDA:0,(anonymous_17)
FNDA:0,(anonymous_18)
FNDA:0,(anonymous_19)
FNDA:0,(anonymous_20)
DA:1,2
DA:2,2
DA:4,2
DA:35,2
DA:37,7
DA:38,7
DA:40,7
DA:41,7
DA:48,7
DA:49,7
DA:50,7
DA:51,0
DA:54,7
DA:55,7
DA:57,7
DA:58,26
DA:59,19
DA:60,19
DA:61,18
DA:64,1
DA:69,7
DA:72,0
DA:73,0
DA:75,0
DA:83,0
DA:85,0
DA:86,0
DA:87,0
DA:90,0
DA:92,0
DA:101,0
DA:104,0
DA:106,0
DA:107,0
DA:108,0
DA:112,0
DA:113,0
DA:115,0
DA:118,0
DA:121,0
DA:126,0
DA:127,0
DA:128,0
DA:129,0
DA:130,0
DA:131,0
DA:135,0
DA:136,0
DA:140,0
DA:142,0
DA:149,0
DA:150,0
DA:157,0
DA:159,0
DA:160,0
DA:162,0
DA:163,0
DA:164,0
DA:166,0
DA:167,0
DA:171,0
DA:172,0
DA:173,0
DA:175,0
DA:177,0
DA:178,0
DA:185,0
DA:186,0
DA:189,0
DA:198,0
DA:199,0
DA:201,0
DA:202,0
DA:211,0
LF:74
LH:20
BRDA:50,0,0,0
BRDA:58,1,0,19
BRDA:72,2,0,0
BRDA:90,3,0,0
BRDA:90,3,1,0
BRDA:115,4,0,0
BRDA:115,4,1,0
BRDA:166,5,0,0
BRDA:175,6,0,0
BRDA:185,7,0,0
BRDA:201,8,0,0
BRF:11
BRH:1
end_of_record
TN:
SF:src/business-logic/domain-classification-fallback.ts
FN:50,(anonymous_1)
FN:53,(anonymous_2)
FN:57,(anonymous_3)
FN:61,(anonymous_4)
FN:66,(anonymous_5)
FN:67,(anonymous_6)
FN:74,(anonymous_7)
FN:82,(anonymous_8)
FN:86,(anonymous_9)
FN:125,(anonymous_10)
FN:178,(anonymous_11)
FN:205,(anonymous_12)
FN:243,(anonymous_13)
FN:270,(anonymous_14)
FN:276,(anonymous_15)
FN:312,(anonymous_16)
FN:355,(anonymous_17)
FN:372,(anonymous_18)
FN:377,(anonymous_19)
FN:378,(anonymous_20)
FNF:20
FNH:3
FNDA:1,(anonymous_1)
FNDA:0,(anonymous_2)
FNDA:0,(anonymous_3)
FNDA:0,(anonymous_4)
FNDA:0,(anonymous_5)
FNDA:0,(anonymous_6)
FNDA:0,(anonymous_7)
FNDA:0,(anonymous_8)
FNDA:0,(anonymous_9)
FNDA:26,(anonymous_10)
FNDA:1,(anonymous_11)
FNDA:0,(anonymous_12)
FNDA:0,(anonymous_13)
FNDA:0,(anonymous_14)
FNDA:0,(anonymous_15)
FNDA:0,(anonymous_16)
FNDA:0,(anonymous_17)
FNDA:0,(anonymous_18)
FNDA:0,(anonymous_19)
FNDA:0,(anonymous_20)
DA:23,1
DA:50,1
DA:51,1
DA:54,0
DA:58,0
DA:62,0
DA:67,0
DA:77,0
DA:78,0
DA:83,0
DA:87,0
DA:96,1
DA:125,26
DA:146,1
DA:149,1
DA:154,1
DA:166,1
DA:171,1
DA:174,1
DA:175,1
DA:176,1
DA:179,1
DA:180,1
DA:181,0
DA:185,1
DA:187,1
DA:191,1
DA:192,1
DA:211,0
DA:212,0
DA:213,0
DA:217,0
DA:218,0
DA:219,0
DA:220,0
DA:225,0
DA:226,0
DA:228,0
DA:229,0
DA:232,0
DA:236,0
DA:237,0
DA:248,0
DA:250,0
DA:251,0
DA:257,0
DA:258,0
DA:262,0
DA:264,0
DA:275,0
DA:276,0
DA:279,0
DA:280,0
DA:281,0
DA:283,0
DA:285,0
DA:313,0
DA:314,0
DA:315,0
DA:319,0
DA:320,0
DA:322,0
DA:325,0
DA:327,0
DA:330,0
DA:331,0
DA:335,0
DA:340,0
DA:344,0
DA:345,0
DA:348,0
DA:361,0
DA:362,0
DA:363,0
DA:373,0
DA:378,0
LF:76
LH:19
BRDA:178,0,0,0
BRDA:179,1,0,1
BRDA:179,1,1,1
BRDA:180,2,0,0
BRDA:188,3,0,1
BRDA:188,3,1,1
BRDA:189,4,0,1
BRDA:189,4,1,1
BRDA:191,5,0,1
BRDA:191,5,1,0
BRDA:193,6,0,1
BRDA:193,6,1,1
BRDA:211,7,0,0
BRDA:218,8,0,0
BRDA:228,9,0,0
BRDA:228,9,1,0
BRDA:257,10,0,0
BRDA:257,11,0,0
BRDA:257,11,1,0
BRDA:262,12,0,0
BRDA:262,12,1,0
BRDA:280,13,0,0
BRDA:281,14,0,0
BRDA:283,15,0,0
BRDA:283,15,1,0
BRDA:314,16,0,0
BRDA:325,17,0,0
BRDA:325,17,1,0
BRDA:327,18,0,0
BRDA:327,18,1,0
BRDA:330,19,0,0
BRDA:335,20,0,0
BRDA:336,21,0,0
BRDA:336,21,1,0
BRDA:336,21,2,0
BRDA:344,22,0,0
BRF:36
BRH:9
end_of_record
TN:
SF:src/business-logic/domain-classifier.ts
FN:41,(anonymous_0)
FN:48,(anonymous_1)
FN:322,(anonymous_2)
FN:348,(anonymous_3)
FN:388,(anonymous_4)
FN:400,(anonymous_5)
FN:405,(anonymous_6)
FN:412,(anonymous_7)
FN:447,(anonymous_8)
FN:453,(anonymous_9)
FN:470,(anonymous_10)
FN:487,(anonymous_11)
FN:494,(anonymous_12)
FNF:13
FNH:3
FNDA:1,(anonymous_0)
FNDA:1,(anonymous_1)
FNDA:26,(anonymous_2)
FNDA:0,(anonymous_3)
FNDA:0,(anonymous_4)
FNDA:0,(anonymous_5)
FNDA:0,(anonymous_6)
FNDA:0,(anonymous_7)
FNDA:0,(anonymous_8)
FNDA:0,(anonymous_9)
FNDA:0,(anonymous_10)
FNDA:0,(anonymous_11)
FNDA:0,(anonymous_12)
DA:38,1
DA:42,1
DA:49,1
DA:321,1
DA:322,1
DA:323,26
DA:326,1
DA:349,0
DA:352,0
DA:354,0
DA:355,0
DA:357,0
DA:358,0
DA:360,0
DA:361,0
DA:364,0
DA:365,0
DA:366,0
DA:367,0
DA:368,0
DA:369,0
DA:373,0
DA:374,0
DA:377,0
DA:382,0
DA:384,0
DA:388,0
DA:389,0
DA:392,0
DA:394,0
DA:401,0
DA:405,0
DA:413,0
DA:414,0
DA:416,0
DA:418,0
DA:419,0
DA:420,0
DA:422,0
DA:423,0
DA:424,0
DA:426,0
DA:428,0
DA:429,0
DA:430,0
DA:431,0
DA:433,0
DA:435,0
DA:436,0
DA:437,0
DA:441,0
DA:448,0
DA:449,0
DA:451,0
DA:452,0
DA:453,0
DA:454,0
DA:457,0
DA:471,0
DA:472,0
DA:473,0
DA:474,0
DA:475,0
DA:476,0
DA:477,0
DA:478,0
DA:480,0
DA:488,0
DA:495,0
LF:69
LH:7
BRDA:355,0,0,0
BRDA:360,1,0,0
BRDA:360,2,0,0
BRDA:360,2,1,0
BRDA:364,3,0,0
BRDA:364,3,1,0
BRDA:366,4,0,0
BRDA:366,4,1,0
BRDA:368,5,0,0
BRDA:373,6,0,0
BRDA:382,7,0,0
BRDA:388,8,0,0
BRDA:388,8,1,0
BRDA:418,9,0,0
BRDA:418,9,1,0
BRDA:420,10,0,0
BRDA:420,10,1,0
BRDA:423,11,0,0
BRDA:426,12,0,0
BRDA:426,12,1,0
BRDA:430,13,0,0
BRDA:433,14,0,0
BRDA:436,15,0,0
BRDA:448,16,0,0
BRDA:449,17,0,0
BRDA:453,18,0,0
BRDA:471,19,0,0
BRDA:471,19,1,0
BRDA:473,20,0,0
BRDA:473,20,1,0
BRDA:475,21,0,0
BRDA:475,21,1,0
BRDA:477,22,0,0
BRDA:477,22,1,0
BRF:34
BRH:0
end_of_record
TN:
SF:src/business-logic/knowledge-extraction.ts
FN:51,(anonymous_1)
FN:77,(anonymous_2)
FN:103,(anonymous_3)
FN:145,(anonymous_4)
FN:219,(anonymous_5)
FN:239,(anonymous_6)
FN:243,(anonymous_7)
FN:261,(anonymous_8)
FN:289,(anonymous_9)
FN:337,(anonymous_10)
FN:370,(anonymous_11)
FN:402,(anonymous_12)
FN:426,extractFactsBatch
FN:437,(anonymous_14)
FN:443,(anonymous_15)
FNF:15
FNH:1
FNDA:1,(anonymous_1)
FNDA:0,(anonymous_2)
FNDA:0,(anonymous_3)
FNDA:0,(anonymous_4)
FNDA:0,(anonymous_5)
FNDA:0,(anonymous_6)
FNDA:0,(anonymous_7)
FNDA:0,(anonymous_8)
FNDA:0,(anonymous_9)
FNDA:0,(anonymous_10)
FNDA:0,(anonymous_11)
FNDA:0,(anonymous_12)
FNDA:0,extractFactsBatch
FNDA:0,(anonymous_14)
FNDA:0,(anonymous_15)
DA:8,1
DA:9,1
DA:10,1
DA:11,1
DA:12,1
DA:20,1
DA:21,1
DA:32,1
DA:35,1
DA:36,1
DA:37,1
DA:49,1
DA:57,1
DA:62,1
DA:63,1
DA:64,0
DA:68,1
DA:71,1
DA:72,1
DA:78,0
DA:80,0
DA:82,0
DA:85,0
DA:86,0
DA:87,0
DA:93,0
DA:97,0
DA:103,0
DA:104,0
DA:105,0
DA:109,0
DA:110,0
DA:111,0
DA:112,0
DA:113,0
DA:115,0
DA:120,0
DA:122,0
DA:124,0
DA:130,0
DA:131,0
DA:133,0
DA:151,0
DA:153,0
DA:184,0
DA:196,0
DA:197,0
DA:200,0
DA:204,0
DA:207,0
DA:208,0
DA:209,0
DA:210,0
DA:213,0
DA:216,0
DA:219,0
DA:220,0
DA:228,0
DA:232,0
DA:243,0
DA:262,0
DA:263,0
DA:266,0
DA:267,0
DA:269,0
DA:270,0
DA:273,0
DA:274,0
DA:275,0
DA:278,0
DA:279,0
DA:282,0
DA:293,0
DA:298,0
DA:300,0
DA:302,0
DA:305,0
DA:306,0
DA:307,0
DA:308,0
DA:315,0
DA:323,0
DA:330,0
DA:338,0
DA:339,0
DA:340,0
DA:341,0
DA:344,0
DA:345,0
DA:348,0
DA:349,0
DA:350,0
DA:354,0
DA:355,0
DA:359,0
DA:371,0
DA:372,0
DA:373,0
DA:374,0
DA:377,0
DA:378,0
DA:381,0
DA:385,0
DA:386,0
DA:389,0
DA:390,0
DA:392,0
DA:408,0
DA:410,0
DA:414,0
DA:426,1
DA:430,0
DA:431,0
DA:434,0
DA:435,0
DA:436,0
DA:437,0
DA:439,0
DA:442,0
DA:443,0
DA:447,0
LF:121
LH:19
BRDA:58,0,0,1
BRDA:58,0,1,1
BRDA:62,1,0,1
BRDA:62,1,1,1
BRDA:62,1,2,1
BRDA:63,2,0,0
BRDA:73,3,0,1
BRDA:73,3,1,1
BRDA:112,4,0,0
BRDA:112,4,1,0
BRDA:131,5,0,0
BRDA:131,5,1,0
BRDA:151,6,0,0
BRDA:151,6,1,0
BRDA:196,7,0,0
BRDA:196,8,0,0
BRDA:196,8,1,0
BRDA:204,9,0,0
BRDA:204,9,1,0
BRDA:209,10,0,0
BRDA:221,11,0,0
BRDA:221,11,1,0
BRDA:221,11,2,0
BRDA:221,11,3,0
BRDA:262,12,0,0
BRDA:274,13,0,0
BRDA:306,14,0,0
BRDA:317,15,0,0
BRDA:317,15,1,0
BRDA:339,16,0,0
BRDA:348,17,0,0
BRDA:348,18,0,0
BRDA:348,18,1,0
BRDA:350,19,0,0
BRDA:351,20,0,0
BRDA:351,20,1,0
BRDA:361,21,0,0
BRDA:361,21,1,0
BRDA:373,22,0,0
BRDA:381,23,0,0
BRDA:382,24,0,0
BRDA:382,24,1,0
BRDA:394,25,0,0
BRDA:394,25,1,0
BRDA:410,26,0,0
BRDA:410,26,1,0
BRDA:410,27,0,0
BRDA:410,27,1,0
BRDA:428,28,0,0
BRDA:442,29,0,0
BRF:50
BRH:7
end_of_record
TN:
SF:src/business-logic/knowledge-store.ts
FN:21,(anonymous_9)
FN:26,(anonymous_10)
FN:71,(anonymous_11)
FN:103,(anonymous_12)
FN:105,(anonymous_13)
FN:111,(anonymous_14)
FN:113,(anonymous_15)
FN:119,(anonymous_16)
FN:121,(anonymous_17)
FN:127,(anonymous_18)
FN:135,(anonymous_19)
FN:164,(anonymous_20)
FN:175,(anonymous_21)
FN:213,(anonymous_22)
FN:221,(anonymous_23)
FN:259,(anonymous_24)
FN:272,(anonymous_25)
FN:273,(anonymous_26)
FN:282,getFactStore
FN:289,resetFactStore
FNF:20
FNH:8
FNDA:25,(anonymous_9)
FNDA:10,(anonymous_10)
FNDA:23,(anonymous_11)
FNDA:0,(anonymous_12)
FNDA:0,(anonymous_13)
FNDA:0,(anonymous_14)
FNDA:0,(anonymous_15)
FNDA:0,(anonymous_16)
FNDA:0,(anonymous_17)
FNDA:0,(anonymous_18)
FNDA:2,(anonymous_19)
FNDA:0,(anonymous_20)
FNDA:10,(anonymous_21)
FNDA:30,(anonymous_22)
FNDA:10,(anonymous_23)
FNDA:10,(anonymous_24)
FNDA:0,(anonymous_25)
FNDA:0,(anonymous_26)
FNDA:0,getFactStore
FNDA:0,resetFactStore
DA:7,2
DA:8,2
DA:9,2
DA:10,2
DA:16,2
DA:19,25
DA:22,25
DA:23,25
DA:28,10
DA:30,10
DA:32,10
DA:33,10
DA:36,10
DA:38,10
DA:39,10
DA:40,10
DA:42,10
DA:43,23
DA:45,23
DA:46,3
DA:47,3
DA:50,20
DA:51,20
DA:52,20
DA:56,10
DA:57,9
DA:58,9
DA:61,10
DA:63,0
DA:64,0
DA:67,10
DA:72,23
DA:73,23
DA:74,0
DA:77,23
DA:78,23
DA:79,1
DA:82,22
DA:83,22
DA:84,129
DA:85,107
DA:86,107
DA:88,0
DA:93,22
DA:95,0
DA:96,0
DA:104,0
DA:105,0
DA:112,0
DA:113,0
DA:120,0
DA:121,0
DA:128,0
DA:129,0
DA:141,2
DA:143,2
DA:144,2
DA:145,2
DA:147,2
DA:148,6
DA:149,6
DA:150,6
DA:153,2
DA:165,0
DA:166,0
DA:176,10
DA:177,10
DA:178,7
DA:181,3
DA:182,3
DA:183,0
DA:186,3
DA:187,3
DA:188,10
DA:189,7
DA:190,7
DA:191,7
DA:192,7
DA:199,3
DA:201,0
DA:203,0
DA:206,0
DA:214,30
DA:218,30
DA:222,10
DA:224,10
DA:225,10
DA:227,10
DA:228,10
DA:229,10
DA:231,0
DA:232,0
DA:236,0
DA:237,0
DA:238,0
DA:240,0
DA:242,0
DA:243,0
DA:250,0
DA:251,0
DA:254,0
DA:260,10
DA:261,10
DA:263,0
DA:264,0
DA:273,0
DA:280,2
DA:282,2
DA:283,0
DA:284,0
DA:286,0
DA:289,2
DA:290,0
LF:113
LH:75
BRDA:21,0,0,0
BRDA:45,1,0,3
BRDA:56,2,0,9
BRDA:63,3,0,0
BRDA:63,3,1,0
BRDA:73,4,0,0
BRDA:78,5,0,1
BRDA:84,6,0,107
BRDA:95,7,0,0
BRDA:95,7,1,0
BRDA:148,8,0,6
BRDA:148,8,1,2
BRDA:149,9,0,6
BRDA:149,9,1,2
BRDA:156,10,0,2
BRDA:156,10,1,0
BRDA:177,11,0,7
BRDA:182,12,0,0
BRDA:188,13,0,7
BRDA:201,14,0,0
BRDA:231,15,0,0
BRDA:240,16,0,0
BRDA:250,17,0,0
BRDA:263,18,0,0
BRDA:283,19,0,0
BRF:25
BRH:11
end_of_record
TN:
SF:src/business-logic/knowledge-types.ts
FN:126,meetsConfidenceThreshold
FN:139,validateFact
FNF:2
FNH:1
FNDA:0,meetsConfidenceThreshold
FNDA:14,validateFact
DA:113,2
DA:126,2
DA:127,0
DA:128,0
DA:139,2
DA:140,14
DA:142,14
DA:143,2
DA:146,14
DA:147,0
DA:150,14
DA:151,2
DA:154,14
DA:155,2
DA:158,14
DA:159,1
DA:162,14
DA:163,0
DA:166,14
DA:167,1
DA:170,14
DA:171,1
DA:174,14
DA:175,0
DA:178,14
LF:25
LH:20
BRDA:142,0,0,2
BRDA:142,1,0,14
BRDA:142,1,1,12
BRDA:146,2,0,0
BRDA:146,3,0,14
BRDA:146,3,1,14
BRDA:150,4,0,2
BRDA:150,5,0,14
BRDA:150,5,1,14
BRDA:150,5,2,13
BRDA:154,6,0,2
BRDA:158,7,0,1
BRDA:158,8,0,14
BRDA:158,8,1,14
BRDA:162,9,0,0
BRDA:166,10,0,1
BRDA:170,11,0,1
BRDA:174,12,0,0
BRF:18
BRH:15
end_of_record
