TN:
SF:src/services/embeddings.ts
FN:10,(anonymous_9)
FN:14,(anonymous_10)
FN:18,(anonymous_11)
FN:30,(anonymous_12)
FN:35,(anonymous_13)
FN:36,(anonymous_14)
FN:40,(anonymous_15)
FN:41,(anonymous_16)
FN:47,(anonymous_17)
FN:48,(anonymous_18)
FN:54,(anonymous_19)
FN:57,(anonymous_20)
FN:59,(anonymous_21)
FN:65,(anonymous_22)
FN:67,(anonymous_23)
FN:68,(anonymous_24)
FN:69,(anonymous_25)
FN:78,(anonymous_26)
FN:80,(anonymous_27)
FN:88,(anonymous_28)
FN:111,(anonymous_29)
FN:113,(anonymous_30)
FN:119,(anonymous_31)
FNF:23
FNH:23
FNDA:4,(anonymous_9)
FNDA:3,(anonymous_10)
FNDA:113,(anonymous_11)
FNDA:87,(anonymous_12)
FNDA:4857,(anonymous_13)
FNDA:4770,(anonymous_14)
FNDA:4770,(anonymous_15)
FNDA:9289,(anonymous_16)
FNDA:1,(anonymous_17)
FNDA:3,(anonymous_18)
FNDA:1,(anonymous_19)
FNDA:3,(anonymous_20)
FNDA:3,(anonymous_21)
FNDA:4770,(anonymous_22)
FNDA:1831680,(anonymous_23)
FNDA:1831680,(anonymous_24)
FNDA:1831680,(anonymous_25)
FNDA:113,(anonymous_26)
FNDA:364,(anonymous_27)
FNDA:256,(anonymous_28)
FNDA:43392,(anonymous_29)
FNDA:43392,(anonymous_30)
FNDA:260,(anonymous_31)
DA:1,2
DA:10,2
DA:11,4
DA:15,3
DA:19,113
DA:20,113
DA:24,113
DA:31,87
DA:32,87
DA:34,87
DA:35,4857
DA:36,4770
DA:40,4770
DA:41,9289
DA:44,87
DA:48,1
DA:49,3
DA:51,1
DA:55,1
DA:56,1
DA:57,3
DA:58,1
DA:59,1
DA:60,3
DA:61,3
DA:67,1831680
DA:68,1831680
DA:69,1831680
DA:70,4770
DA:75,4770
DA:80,364
DA:81,113
DA:83,113
DA:84,0
DA:88,113
DA:90,256
DA:91,256
DA:92,1315
DA:93,1315
DA:97,256
DA:101,256
DA:102,256
DA:103,12800
DA:105,12800
DA:106,12800
DA:111,43392
DA:112,113
DA:113,43392
DA:116,0
DA:120,260
DA:127,260
LF:51
LH:49
BRDA:30,0,0,0
BRDA:32,1,0,0
BRDA:55,2,0,0
BRDA:80,3,0,364
BRDA:80,3,1,260
BRDA:83,4,0,0
BRDA:112,5,0,113
BRF:7
BRH:3
end_of_record
TN:
SF:src/services/evolution-engine.ts
FN:30,(anonymous_0)
FN:34,(anonymous_1)
FN:86,(anonymous_2)
FN:93,(anonymous_3)
FN:97,(anonymous_4)
FN:98,(anonymous_5)
FNF:6
FNH:6
FNDA:5,(anonymous_0)
FNDA:84,(anonymous_1)
FNDA:84,(anonymous_2)
FNDA:403,(anonymous_3)
FNDA:403,(anonymous_4)
FNDA:62,(anonymous_5)
DA:23,1
DA:24,5
DA:26,5
DA:27,5
DA:28,5
DA:31,5
DA:35,84
DA:37,84
DA:38,1
DA:39,1
DA:42,83
DA:44,83
DA:45,80
DA:46,80
DA:52,3
DA:53,1
DA:54,1
DA:55,1
DA:61,1
DA:62,1
DA:64,0
DA:65,0
DA:72,2
DA:73,1
DA:74,1
DA:78,1
DA:79,1
DA:82,1
DA:83,1
DA:89,84
DA:90,84
DA:92,84
DA:94,403
DA:95,403
DA:97,403
DA:98,62
LF:36
LH:34
BRDA:37,0,0,1
BRDA:44,1,0,80
BRDA:52,2,0,1
BRDA:53,3,0,1
BRDA:53,3,1,0
BRDA:72,4,0,1
BRDA:95,5,0,145
BRDA:95,5,1,258
BRF:8
BRH:7
end_of_record
TN:
SF:src/services/sensitivity-assessor.ts
FN:15,(anonymous_1)
FN:34,(anonymous_2)
FN:48,(anonymous_3)
FN:54,(anonymous_4)
FN:63,(anonymous_5)
FN:95,(anonymous_6)
FNF:6
FNH:5
FNDA:1,(anonymous_1)
FNDA:9,(anonymous_2)
FNDA:9,(anonymous_3)
FNDA:36,(anonymous_4)
FNDA:54,(anonymous_5)
FNDA:0,(anonymous_6)
DA:1,1
DA:15,1
DA:16,1
DA:23,1
DA:32,1
DA:35,9
DA:37,9
DA:38,1
DA:41,8
DA:42,0
DA:45,8
DA:49,9
DA:50,9
DA:51,9
DA:52,9
DA:54,9
DA:55,36
DA:56,6
DA:57,6
DA:58,6
DA:62,9
DA:63,9
DA:64,54
DA:65,2
DA:66,2
DA:67,2
DA:72,9
DA:73,8
DA:80,1
DA:81,1
DA:88,0
DA:96,0
DA:97,0
DA:113,0
DA:114,0
DA:116,0
DA:122,0
LF:37
LH:29
BRDA:37,0,0,1
BRDA:41,1,0,0
BRDA:55,2,0,6
BRDA:64,3,0,2
BRDA:72,4,0,8
BRDA:72,5,0,9
BRDA:72,5,1,3
BRDA:72,5,2,1
BRDA:80,6,0,1
BRDA:80,7,0,1
BRDA:80,7,1,1
BRDA:91,8,0,0
BRDA:91,8,1,0
BRDA:113,9,0,0
BRDA:113,9,1,0
BRDA:117,10,0,0
BRDA:117,10,1,0
BRDA:118,11,0,0
BRDA:118,11,1,0
BRDA:119,12,0,0
BRDA:119,12,1,0
BRF:21
BRH:10
end_of_record
